[ 2017-08-15T08:33:36+08:00 ] ::1 /myTp1/
INFO: [ app_init ] --START--
INFO: Run Behavior\BuildLiteBehavior [ RunTime:0.000000s ]
INFO: [ app_init ] --END-- [ RunTime:0.002930s ]
INFO: [ app_begin ] --START--
INFO: Run Behavior\ReadHtmlCacheBehavior [ RunTime:0.002930s ]
INFO: [ app_begin ] --END-- [ RunTime:0.002930s ]
INFO: [ view_parse ] --START--
INFO: [ template_filter ] --START--
INFO: Run Behavior\ContentReplaceBehavior [ RunTime:0.000000s ]
INFO: [ template_filter ] --END-- [ RunTime:0.000977s ]
INFO: Run Behavior\ParseTemplateBehavior [ RunTime:0.044922s ]
INFO: [ view_parse ] --END-- [ RunTime:0.044922s ]
INFO: [ view_filter ] --START--
INFO: Run Behavior\WriteHtmlCacheBehavior [ RunTime:0.007813s ]
INFO: [ view_filter ] --END-- [ RunTime:0.008789s ]
INFO: [ app_end ] --START--
INFO: Run Behavior\ShowPageTraceBehavior [ RunTime:0.002930s ]
INFO: [ app_end ] --END-- [ RunTime:0.003906s ]

[ 2017-08-15T08:35:07+08:00 ] ::1 /myTp1/
INFO: [ app_init ] --START--
INFO: Run Behavior\BuildLiteBehavior [ RunTime:0.000000s ]
INFO: [ app_init ] --END-- [ RunTime:0.001954s ]
INFO: [ app_begin ] --START--
INFO: Run Behavior\ReadHtmlCacheBehavior [ RunTime:0.002930s ]
INFO: [ app_begin ] --END-- [ RunTime:0.003906s ]
INFO: [ view_parse ] --START--
INFO: [ template_filter ] --START--
INFO: Run Behavior\ContentReplaceBehavior [ RunTime:0.000000s ]
INFO: [ template_filter ] --END-- [ RunTime:0.001953s ]
INFO: Run Behavior\ParseTemplateBehavior [ RunTime:0.030273s ]
INFO: [ view_parse ] --END-- [ RunTime:0.031250s ]
INFO: [ view_filter ] --START--
INFO: Run Behavior\WriteHtmlCacheBehavior [ RunTime:0.001953s ]
INFO: [ view_filter ] --END-- [ RunTime:0.002929s ]
INFO: [ app_end ] --START--
INFO: Run Behavior\ShowPageTraceBehavior [ RunTime:0.002930s ]
INFO: [ app_end ] --END-- [ RunTime:0.004883s ]

[ 2017-08-15T08:35:35+08:00 ] ::1 /myTp1/
INFO: [ app_init ] --START--
INFO: Run Behavior\BuildLiteBehavior [ RunTime:0.000000s ]
INFO: [ app_init ] --END-- [ RunTime:0.001953s ]
INFO: [ app_begin ] --START--
INFO: Run Behavior\ReadHtmlCacheBehavior [ RunTime:0.002930s ]
INFO: [ app_begin ] --END-- [ RunTime:0.002930s ]
INFO: [ view_parse ] --START--
INFO: [ template_filter ] --START--
INFO: Run Behavior\ContentReplaceBehavior [ RunTime:0.000000s ]
INFO: [ template_filter ] --END-- [ RunTime:0.001953s ]
INFO: Run Behavior\ParseTemplateBehavior [ RunTime:0.048828s ]
INFO: [ view_parse ] --END-- [ RunTime:0.049805s ]
INFO: [ view_filter ] --START--
INFO: Run Behavior\WriteHtmlCacheBehavior [ RunTime:0.008789s ]
INFO: [ view_filter ] --END-- [ RunTime:0.008789s ]
INFO: [ app_end ] --START--
INFO: Run Behavior\ShowPageTraceBehavior [ RunTime:0.002929s ]
INFO: [ app_end ] --END-- [ RunTime:0.003906s ]

[ 2017-08-15T08:38:40+08:00 ] ::1 /myTp1/
INFO: [ app_init ] --START--
INFO: Run Behavior\BuildLiteBehavior [ RunTime:0.000000s ]
INFO: [ app_init ] --END-- [ RunTime:0.001953s ]
INFO: [ app_begin ] --START--
INFO: Run Behavior\ReadHtmlCacheBehavior [ RunTime:0.005859s ]
INFO: [ app_begin ] --END-- [ RunTime:0.006836s ]
INFO: [ view_parse ] --START--
INFO: [ template_filter ] --START--
INFO: Run Behavior\ContentReplaceBehavior [ RunTime:0.000000s ]
INFO: [ template_filter ] --END-- [ RunTime:0.001953s ]
INFO: Run Behavior\ParseTemplateBehavior [ RunTime:0.038086s ]
INFO: [ view_parse ] --END-- [ RunTime:0.039062s ]
INFO: [ view_filter ] --START--
INFO: Run Behavior\WriteHtmlCacheBehavior [ RunTime:0.001953s ]
INFO: [ view_filter ] --END-- [ RunTime:0.001953s ]
INFO: [ app_end ] --START--
INFO: Run Behavior\ShowPageTraceBehavior [ RunTime:0.001953s ]
INFO: [ app_end ] --END-- [ RunTime:0.002930s ]

[ 2017-08-15T08:39:07+08:00 ] ::1 /myTp1/
INFO: [ app_init ] --START--
INFO: Run Behavior\BuildLiteBehavior [ RunTime:0.000000s ]
INFO: [ app_init ] --END-- [ RunTime:0.002929s ]
INFO: [ app_begin ] --START--
INFO: Run Behavior\ReadHtmlCacheBehavior [ RunTime:0.001953s ]
INFO: [ app_begin ] --END-- [ RunTime:0.003906s ]
INFO: [ view_parse ] --START--
INFO: [ template_filter ] --START--
INFO: Run Behavior\ContentReplaceBehavior [ RunTime:0.000976s ]
INFO: [ template_filter ] --END-- [ RunTime:0.001953s ]
INFO: Run Behavior\ParseTemplateBehavior [ RunTime:0.048828s ]
INFO: [ view_parse ] --END-- [ RunTime:0.053711s ]
INFO: [ view_filter ] --START--
INFO: Run Behavior\WriteHtmlCacheBehavior [ RunTime:0.001953s ]
INFO: [ view_filter ] --END-- [ RunTime:0.001953s ]
INFO: [ app_end ] --START--
INFO: Run Behavior\ShowPageTraceBehavior [ RunTime:0.002929s ]
INFO: [ app_end ] --END-- [ RunTime:0.004883s ]

[ 2017-08-15T08:39:40+08:00 ] ::1 /myTp1/
INFO: [ app_init ] --START--
INFO: Run Behavior\BuildLiteBehavior [ RunTime:0.000000s ]
INFO: [ app_init ] --END-- [ RunTime:0.004882s ]
INFO: [ app_begin ] --START--
INFO: Run Behavior\ReadHtmlCacheBehavior [ RunTime:0.002929s ]
INFO: [ app_begin ] --END-- [ RunTime:0.003906s ]
INFO: [ view_parse ] --START--
INFO: [ template_filter ] --START--
INFO: Run Behavior\ContentReplaceBehavior [ RunTime:0.000000s ]
INFO: [ template_filter ] --END-- [ RunTime:0.009766s ]
INFO: Run Behavior\ParseTemplateBehavior [ RunTime:0.050781s ]
INFO: [ view_parse ] --END-- [ RunTime:0.051757s ]
INFO: [ view_filter ] --START--
INFO: Run Behavior\WriteHtmlCacheBehavior [ RunTime:0.003907s ]
INFO: [ view_filter ] --END-- [ RunTime:0.003907s ]
INFO: [ app_end ] --START--
INFO: Run Behavior\ShowPageTraceBehavior [ RunTime:0.004883s ]
INFO: [ app_end ] --END-- [ RunTime:0.005860s ]

[ 2017-08-15T08:40:40+08:00 ] ::1 /myTp1/
INFO: [ app_init ] --START--
INFO: Run Behavior\BuildLiteBehavior [ RunTime:0.000000s ]
INFO: [ app_init ] --END-- [ RunTime:0.001953s ]
INFO: [ app_begin ] --START--
INFO: Run Behavior\ReadHtmlCacheBehavior [ RunTime:0.008789s ]
INFO: [ app_begin ] --END-- [ RunTime:0.008789s ]
INFO: [ view_parse ] --START--
INFO: [ template_filter ] --START--
INFO: Run Behavior\ContentReplaceBehavior [ RunTime:0.000000s ]
INFO: [ template_filter ] --END-- [ RunTime:0.001953s ]
INFO: Run Behavior\ParseTemplateBehavior [ RunTime:0.034180s ]
INFO: [ view_parse ] --END-- [ RunTime:0.036133s ]
INFO: [ view_filter ] --START--
INFO: Run Behavior\WriteHtmlCacheBehavior [ RunTime:0.000976s ]
INFO: [ view_filter ] --END-- [ RunTime:0.001953s ]
INFO: [ app_end ] --START--
INFO: Run Behavior\ShowPageTraceBehavior [ RunTime:0.001953s ]
INFO: [ app_end ] --END-- [ RunTime:0.008789s ]

[ 2017-08-15T08:40:55+08:00 ] ::1 /myTp1/
INFO: [ app_init ] --START--
INFO: Run Behavior\BuildLiteBehavior [ RunTime:0.000000s ]
INFO: [ app_init ] --END-- [ RunTime:0.003906s ]
INFO: [ app_begin ] --START--
INFO: Run Behavior\ReadHtmlCacheBehavior [ RunTime:0.001953s ]
INFO: [ app_begin ] --END-- [ RunTime:0.002929s ]
INFO: [ view_parse ] --START--
INFO: [ template_filter ] --START--
INFO: Run Behavior\ContentReplaceBehavior [ RunTime:0.000976s ]
INFO: [ template_filter ] --END-- [ RunTime:0.001953s ]
INFO: Run Behavior\ParseTemplateBehavior [ RunTime:0.048828s ]
INFO: [ view_parse ] --END-- [ RunTime:0.049805s ]
INFO: [ view_filter ] --START--
INFO: Run Behavior\WriteHtmlCacheBehavior [ RunTime:0.001953s ]
INFO: [ view_filter ] --END-- [ RunTime:0.002929s ]
INFO: [ app_end ] --START--
INFO: Run Behavior\ShowPageTraceBehavior [ RunTime:0.008789s ]
INFO: [ app_end ] --END-- [ RunTime:0.008789s ]

[ 2017-08-15T08:42:33+08:00 ] ::1 /myTp1/
INFO: [ app_init ] --START--
INFO: Run Behavior\BuildLiteBehavior [ RunTime:0.000000s ]
INFO: [ app_init ] --END-- [ RunTime:0.001953s ]
INFO: [ app_begin ] --START--
INFO: Run Behavior\ReadHtmlCacheBehavior [ RunTime:0.006836s ]
INFO: [ app_begin ] --END-- [ RunTime:0.007813s ]
INFO: [ view_parse ] --START--
INFO: [ template_filter ] --START--
INFO: Run Behavior\ContentReplaceBehavior [ RunTime:0.000977s ]
INFO: [ template_filter ] --END-- [ RunTime:0.000977s ]
INFO: Run Behavior\ParseTemplateBehavior [ RunTime:0.027344s ]
INFO: [ view_parse ] --END-- [ RunTime:0.027344s ]
INFO: [ view_filter ] --START--
INFO: Run Behavior\WriteHtmlCacheBehavior [ RunTime:0.002929s ]
INFO: [ view_filter ] --END-- [ RunTime:0.003906s ]
INFO: [ app_end ] --START--
INFO: Run Behavior\ShowPageTraceBehavior [ RunTime:0.001953s ]
INFO: [ app_end ] --END-- [ RunTime:0.002929s ]

[ 2017-08-15T08:42:39+08:00 ] ::1 /myTp1/
INFO: [ app_init ] --START--
INFO: Run Behavior\BuildLiteBehavior [ RunTime:0.000000s ]
INFO: [ app_init ] --END-- [ RunTime:0.001953s ]
INFO: [ app_begin ] --START--
INFO: Run Behavior\ReadHtmlCacheBehavior [ RunTime:0.001953s ]
INFO: [ app_begin ] --END-- [ RunTime:0.001953s ]
INFO: [ view_parse ] --START--
INFO: [ template_filter ] --START--
INFO: Run Behavior\ContentReplaceBehavior [ RunTime:0.000000s ]
INFO: [ template_filter ] --END-- [ RunTime:0.000977s ]
INFO: Run Behavior\ParseTemplateBehavior [ RunTime:0.022461s ]
INFO: [ view_parse ] --END-- [ RunTime:0.022461s ]
INFO: [ view_filter ] --START--
INFO: Run Behavior\WriteHtmlCacheBehavior [ RunTime:0.000977s ]
INFO: [ view_filter ] --END-- [ RunTime:0.001953s ]
INFO: [ app_end ] --START--
INFO: Run Behavior\ShowPageTraceBehavior [ RunTime:0.001953s ]
INFO: [ app_end ] --END-- [ RunTime:0.002930s ]

[ 2017-08-15T08:48:02+08:00 ] 127.0.0.1 /myTp1/
INFO: [ app_init ] --START--
INFO: Run Behavior\BuildLiteBehavior [ RunTime:0.000000s ]
INFO: [ app_init ] --END-- [ RunTime:0.000000s ]
INFO: [ app_begin ] --START--
INFO: Run Behavior\ReadHtmlCacheBehavior [ RunTime:0.000000s ]
INFO: [ app_begin ] --END-- [ RunTime:0.000000s ]
INFO: [ view_parse ] --START--
INFO: [ template_filter ] --START--
INFO: Run Behavior\ContentReplaceBehavior [ RunTime:0.000000s ]
INFO: [ template_filter ] --END-- [ RunTime:0.015625s ]
INFO: Run Behavior\ParseTemplateBehavior [ RunTime:0.031250s ]
INFO: [ view_parse ] --END-- [ RunTime:0.031250s ]
INFO: [ view_filter ] --START--
INFO: Run Behavior\WriteHtmlCacheBehavior [ RunTime:0.000000s ]
INFO: [ view_filter ] --END-- [ RunTime:0.000000s ]
INFO: [ app_end ] --START--
INFO: Run Behavior\ShowPageTraceBehavior [ RunTime:0.000000s ]
INFO: [ app_end ] --END-- [ RunTime:0.000000s ]

[ 2017-08-15T08:49:29+08:00 ] ::1 /myTp1/
INFO: [ app_init ] --START--
INFO: Run Behavior\BuildLiteBehavior [ RunTime:0.000000s ]
INFO: [ app_init ] --END-- [ RunTime:0.001953s ]
INFO: [ app_begin ] --START--
INFO: Run Behavior\ReadHtmlCacheBehavior [ RunTime:0.011719s ]
INFO: [ app_begin ] --END-- [ RunTime:0.013672s ]
INFO: [ view_parse ] --START--
INFO: [ template_filter ] --START--
INFO: Run Behavior\ContentReplaceBehavior [ RunTime:0.000000s ]
INFO: [ template_filter ] --END-- [ RunTime:0.000977s ]
INFO: Run Behavior\ParseTemplateBehavior [ RunTime:0.046875s ]
INFO: [ view_parse ] --END-- [ RunTime:0.053711s ]
INFO: [ view_filter ] --START--
INFO: Run Behavior\WriteHtmlCacheBehavior [ RunTime:0.002930s ]
INFO: [ view_filter ] --END-- [ RunTime:0.002930s ]
INFO: [ app_end ] --START--
INFO: Run Behavior\ShowPageTraceBehavior [ RunTime:0.002930s ]
INFO: [ app_end ] --END-- [ RunTime:0.002930s ]

[ 2017-08-15T08:57:57+08:00 ] ::1 /myTp1/
INFO: [ app_init ] --START--
INFO: Run Behavior\BuildLiteBehavior [ RunTime:0.000000s ]
INFO: [ app_init ] --END-- [ RunTime:0.002930s ]
INFO: [ app_begin ] --START--
INFO: Run Behavior\ReadHtmlCacheBehavior [ RunTime:0.002930s ]
INFO: [ app_begin ] --END-- [ RunTime:0.002930s ]
INFO: [ view_parse ] --START--
INFO: [ template_filter ] --START--
INFO: Run Behavior\ContentReplaceBehavior [ RunTime:0.000000s ]
INFO: [ template_filter ] --END-- [ RunTime:0.000976s ]
INFO: Run Behavior\ParseTemplateBehavior [ RunTime:0.056641s ]
INFO: [ view_parse ] --END-- [ RunTime:0.057618s ]
INFO: [ view_filter ] --START--
INFO: Run Behavior\WriteHtmlCacheBehavior [ RunTime:0.012695s ]
INFO: [ view_filter ] --END-- [ RunTime:0.012695s ]
INFO: [ app_end ] --START--
INFO: Run Behavior\ShowPageTraceBehavior [ RunTime:0.006835s ]
INFO: [ app_end ] --END-- [ RunTime:0.006835s ]

