[ 2017-11-17T13:24:39+08:00 ] ::1 /myTp1/
INFO: [ app_init ] --START--
INFO: Run Behavior\BuildLiteBehavior [ RunTime:0.000000s ]
INFO: [ app_init ] --END-- [ RunTime:0.002000s ]
INFO: [ app_begin ] --START--
INFO: Run Behavior\ReadHtmlCacheBehavior [ RunTime:0.002000s ]
INFO: [ app_begin ] --END-- [ RunTime:0.003000s ]
NOTIC: [8192] mysql_connect(): The mysql extension is deprecated and will be removed in the future: use mysqli or PDO instead D:\wamp\www\myTp1\ThinkPHP\Library\Think\Db\Driver\Mysql.class.php 第 52 行.
ERR: Unknown database 'mytp1_db'

[ 2017-11-17T13:24:43+08:00 ] ::1 /myTp1/
INFO: [ app_init ] --START--
INFO: Run Behavior\BuildLiteBehavior [ RunTime:0.000000s ]
INFO: [ app_init ] --END-- [ RunTime:0.001000s ]
INFO: [ app_begin ] --START--
INFO: Run Behavior\ReadHtmlCacheBehavior [ RunTime:0.001000s ]
INFO: [ app_begin ] --END-- [ RunTime:0.002000s ]
NOTIC: [8192] mysql_connect(): The mysql extension is deprecated and will be removed in the future: use mysqli or PDO instead D:\wamp\www\myTp1\ThinkPHP\Library\Think\Db\Driver\Mysql.class.php 第 52 行.
ERR: Unknown database 'mytp1_db'

[ 2017-11-17T13:24:50+08:00 ] ::1 /myTp1/
INFO: [ app_init ] --START--
INFO: Run Behavior\BuildLiteBehavior [ RunTime:0.000000s ]
INFO: [ app_init ] --END-- [ RunTime:0.001000s ]
INFO: [ app_begin ] --START--
INFO: Run Behavior\ReadHtmlCacheBehavior [ RunTime:0.001001s ]
INFO: [ app_begin ] --END-- [ RunTime:0.001001s ]
NOTIC: [8192] mysql_connect(): The mysql extension is deprecated and will be removed in the future: use mysqli or PDO instead D:\wamp\www\myTp1\ThinkPHP\Library\Think\Db\Driver\Mysql.class.php 第 52 行.
ERR: Unknown database 'mytp1_db'

[ 2017-11-17T13:25:49+08:00 ] ::1 /myTp1/
INFO: [ app_init ] --START--
INFO: Run Behavior\BuildLiteBehavior [ RunTime:0.000000s ]
INFO: [ app_init ] --END-- [ RunTime:0.001000s ]
INFO: [ app_begin ] --START--
INFO: Run Behavior\ReadHtmlCacheBehavior [ RunTime:0.001000s ]
INFO: [ app_begin ] --END-- [ RunTime:0.001000s ]
NOTIC: [8192] mysql_connect(): The mysql extension is deprecated and will be removed in the future: use mysqli or PDO instead D:\wamp\www\myTp1\ThinkPHP\Library\Think\Db\Driver\Mysql.class.php 第 52 行.
SQL: SHOW COLUMNS FROM `think_lol` [ RunTime:0.001000s ]
ERR: 1146:Table 'mytp1_db.think_lol' doesn't exist
 [ SQL语句 ] : SHOW COLUMNS FROM `think_lol`
SQL: SELECT COUNT(*) AS tp_count FROM `think_lol` LIMIT 1   [ RunTime:0.000000s ]
ERR: 1146:Table 'mytp1_db.think_lol' doesn't exist
 [ SQL语句 ] : SELECT COUNT(*) AS tp_count FROM `think_lol` LIMIT 1  
SQL: SELECT * FROM `think_lol` LIMIT -10,10   [ RunTime:0.001000s ]
ERR: 1064:You have an error in your SQL syntax; check the manual that corresponds to your MySQL server version for the right syntax to use near '-10,10' at line 1
 [ SQL语句 ] : SELECT * FROM `think_lol` LIMIT -10,10  
INFO: [ view_parse ] --START--
INFO: [ template_filter ] --START--
INFO: Run Behavior\ContentReplaceBehavior [ RunTime:0.000000s ]
INFO: [ template_filter ] --END-- [ RunTime:0.000000s ]
NOTIC: [8] Undefined variable: list2 D:\wamp\www\myTp1\Web\Runtime\Cache\Home\a5d07c113795da31d2426caff16ba5bc.php 第 70 行.
INFO: Run Behavior\ParseTemplateBehavior [ RunTime:0.019001s ]
INFO: [ view_parse ] --END-- [ RunTime:0.019001s ]
INFO: [ view_filter ] --START--
INFO: Run Behavior\WriteHtmlCacheBehavior [ RunTime:0.001000s ]
INFO: [ view_filter ] --END-- [ RunTime:0.001000s ]
INFO: [ app_end ] --START--
INFO: Run Behavior\ShowPageTraceBehavior [ RunTime:0.001000s ]
INFO: [ app_end ] --END-- [ RunTime:0.001000s ]

[ 2017-11-17T13:25:56+08:00 ] ::1 /myTp1/index.php?m=Home&c=Nav&a=nav
INFO: [ app_init ] --START--
INFO: Run Behavior\BuildLiteBehavior [ RunTime:0.000000s ]
INFO: [ app_init ] --END-- [ RunTime:0.000000s ]
INFO: [ app_begin ] --START--
INFO: Run Behavior\ReadHtmlCacheBehavior [ RunTime:0.001000s ]
INFO: [ app_begin ] --END-- [ RunTime:0.002000s ]
NOTIC: [8192] mysql_connect(): The mysql extension is deprecated and will be removed in the future: use mysqli or PDO instead D:\wamp\www\myTp1\ThinkPHP\Library\Think\Db\Driver\Mysql.class.php 第 52 行.
SQL: SHOW COLUMNS FROM `think_laravel` [ RunTime:0.000000s ]
ERR: 1146:Table 'mytp1_db.think_laravel' doesn't exist
 [ SQL语句 ] : SHOW COLUMNS FROM `think_laravel`
NOTIC: [8] Undefined index: name D:\wamp\www\myTp1\Web\Home\Controller\NavController.class.php 第 7 行.
SQL: SELECT COUNT(*) AS tp_count FROM `think_laravel` LIMIT 1   [ RunTime:0.000000s ]
ERR: 1146:Table 'mytp1_db.think_laravel' doesn't exist
 [ SQL语句 ] : SELECT COUNT(*) AS tp_count FROM `think_laravel` LIMIT 1  
SQL: SELECT * FROM `think_laravel`  [ RunTime:0.000000s ]
ERR: 1146:Table 'mytp1_db.think_laravel' doesn't exist
 [ SQL语句 ] : SELECT * FROM `think_laravel` 
SQL: SELECT * FROM `think_laravel` LIMIT 0,3   [ RunTime:0.001000s ]
ERR: 1146:Table 'mytp1_db.think_laravel' doesn't exist
 [ SQL语句 ] : SELECT * FROM `think_laravel` LIMIT 0,3  
INFO: [ view_parse ] --START--
INFO: [ template_filter ] --START--
INFO: Run Behavior\ContentReplaceBehavior [ RunTime:0.000000s ]
INFO: [ template_filter ] --END-- [ RunTime:0.001000s ]
INFO: Run Behavior\ParseTemplateBehavior [ RunTime:0.023001s ]
INFO: [ view_parse ] --END-- [ RunTime:0.023001s ]
INFO: [ view_filter ] --START--
INFO: Run Behavior\WriteHtmlCacheBehavior [ RunTime:0.001000s ]
INFO: [ view_filter ] --END-- [ RunTime:0.001000s ]
INFO: [ app_end ] --START--
INFO: Run Behavior\ShowPageTraceBehavior [ RunTime:0.001000s ]
INFO: [ app_end ] --END-- [ RunTime:0.002000s ]

[ 2017-11-17T13:26:10+08:00 ] ::1 /myTp1/index.php?m=Home&c=Nav&a=nav
INFO: [ app_init ] --START--
INFO: Run Behavior\BuildLiteBehavior [ RunTime:0.000000s ]
INFO: [ app_init ] --END-- [ RunTime:0.001000s ]
INFO: [ app_begin ] --START--
INFO: Run Behavior\ReadHtmlCacheBehavior [ RunTime:0.001000s ]
INFO: [ app_begin ] --END-- [ RunTime:0.002000s ]
NOTIC: [8192] mysql_connect(): The mysql extension is deprecated and will be removed in the future: use mysqli or PDO instead D:\wamp\www\myTp1\ThinkPHP\Library\Think\Db\Driver\Mysql.class.php 第 52 行.
SQL: SHOW COLUMNS FROM `think_laravel` [ RunTime:0.001000s ]
ERR: 1146:Table 'mytp1_db.think_laravel' doesn't exist
 [ SQL语句 ] : SHOW COLUMNS FROM `think_laravel`
NOTIC: [8] Undefined index: name D:\wamp\www\myTp1\Web\Home\Controller\NavController.class.php 第 7 行.
SQL: SELECT COUNT(*) AS tp_count FROM `think_laravel` LIMIT 1   [ RunTime:0.001000s ]
ERR: 1146:Table 'mytp1_db.think_laravel' doesn't exist
 [ SQL语句 ] : SELECT COUNT(*) AS tp_count FROM `think_laravel` LIMIT 1  
SQL: SELECT * FROM `think_laravel`  [ RunTime:0.000000s ]
ERR: 1146:Table 'mytp1_db.think_laravel' doesn't exist
 [ SQL语句 ] : SELECT * FROM `think_laravel` 
SQL: SELECT * FROM `think_laravel` LIMIT 0,3   [ RunTime:0.000000s ]
ERR: 1146:Table 'mytp1_db.think_laravel' doesn't exist
 [ SQL语句 ] : SELECT * FROM `think_laravel` LIMIT 0,3  
INFO: [ view_parse ] --START--
INFO: [ template_filter ] --START--
INFO: Run Behavior\ContentReplaceBehavior [ RunTime:0.000000s ]
INFO: [ template_filter ] --END-- [ RunTime:0.000000s ]
INFO: Run Behavior\ParseTemplateBehavior [ RunTime:0.021001s ]
INFO: [ view_parse ] --END-- [ RunTime:0.021001s ]
INFO: [ view_filter ] --START--
INFO: Run Behavior\WriteHtmlCacheBehavior [ RunTime:0.001001s ]
INFO: [ view_filter ] --END-- [ RunTime:0.001001s ]
INFO: [ app_end ] --START--
INFO: Run Behavior\ShowPageTraceBehavior [ RunTime:0.002000s ]
INFO: [ app_end ] --END-- [ RunTime:0.002000s ]

[ 2017-11-17T13:26:23+08:00 ] ::1 /myTp1/?page=0
INFO: [ app_init ] --START--
INFO: Run Behavior\BuildLiteBehavior [ RunTime:0.000000s ]
INFO: [ app_init ] --END-- [ RunTime:0.001000s ]
INFO: [ app_begin ] --START--
INFO: Run Behavior\ReadHtmlCacheBehavior [ RunTime:0.001000s ]
INFO: [ app_begin ] --END-- [ RunTime:0.002000s ]
NOTIC: [8192] mysql_connect(): The mysql extension is deprecated and will be removed in the future: use mysqli or PDO instead D:\wamp\www\myTp1\ThinkPHP\Library\Think\Db\Driver\Mysql.class.php 第 52 行.
SQL: SHOW COLUMNS FROM `think_lol` [ RunTime:0.000000s ]
ERR: 1146:Table 'mytp1_db.think_lol' doesn't exist
 [ SQL语句 ] : SHOW COLUMNS FROM `think_lol`
SQL: SELECT COUNT(*) AS tp_count FROM `think_lol` LIMIT 1   [ RunTime:0.000000s ]
ERR: 1146:Table 'mytp1_db.think_lol' doesn't exist
 [ SQL语句 ] : SELECT COUNT(*) AS tp_count FROM `think_lol` LIMIT 1  
SQL: SELECT * FROM `think_lol` LIMIT -10,10   [ RunTime:0.001000s ]
ERR: 1064:You have an error in your SQL syntax; check the manual that corresponds to your MySQL server version for the right syntax to use near '-10,10' at line 1
 [ SQL语句 ] : SELECT * FROM `think_lol` LIMIT -10,10  
INFO: [ view_parse ] --START--
INFO: [ template_filter ] --START--
INFO: Run Behavior\ContentReplaceBehavior [ RunTime:0.000000s ]
INFO: [ template_filter ] --END-- [ RunTime:0.000000s ]
NOTIC: [8] Undefined variable: list2 D:\wamp\www\myTp1\Web\Runtime\Cache\Home\a5d07c113795da31d2426caff16ba5bc.php 第 70 行.
INFO: Run Behavior\ParseTemplateBehavior [ RunTime:0.017001s ]
INFO: [ view_parse ] --END-- [ RunTime:0.017001s ]
INFO: [ view_filter ] --START--
INFO: Run Behavior\WriteHtmlCacheBehavior [ RunTime:0.001000s ]
INFO: [ view_filter ] --END-- [ RunTime:0.001000s ]
INFO: [ app_end ] --START--
INFO: Run Behavior\ShowPageTraceBehavior [ RunTime:0.001000s ]
INFO: [ app_end ] --END-- [ RunTime:0.001000s ]

[ 2017-11-17T13:26:24+08:00 ] ::1 /myTp1/?page=0
INFO: [ app_init ] --START--
INFO: Run Behavior\BuildLiteBehavior [ RunTime:0.000000s ]
INFO: [ app_init ] --END-- [ RunTime:0.000000s ]
INFO: [ app_begin ] --START--
INFO: Run Behavior\ReadHtmlCacheBehavior [ RunTime:0.001000s ]
INFO: [ app_begin ] --END-- [ RunTime:0.001000s ]
NOTIC: [8192] mysql_connect(): The mysql extension is deprecated and will be removed in the future: use mysqli or PDO instead D:\wamp\www\myTp1\ThinkPHP\Library\Think\Db\Driver\Mysql.class.php 第 52 行.
SQL: SHOW COLUMNS FROM `think_lol` [ RunTime:0.001000s ]
ERR: 1146:Table 'mytp1_db.think_lol' doesn't exist
 [ SQL语句 ] : SHOW COLUMNS FROM `think_lol`
SQL: SELECT COUNT(*) AS tp_count FROM `think_lol` LIMIT 1   [ RunTime:0.000000s ]
ERR: 1146:Table 'mytp1_db.think_lol' doesn't exist
 [ SQL语句 ] : SELECT COUNT(*) AS tp_count FROM `think_lol` LIMIT 1  
SQL: SELECT * FROM `think_lol` LIMIT -10,10   [ RunTime:0.000000s ]
ERR: 1064:You have an error in your SQL syntax; check the manual that corresponds to your MySQL server version for the right syntax to use near '-10,10' at line 1
 [ SQL语句 ] : SELECT * FROM `think_lol` LIMIT -10,10  
INFO: [ view_parse ] --START--
INFO: [ template_filter ] --START--
INFO: Run Behavior\ContentReplaceBehavior [ RunTime:0.000000s ]
INFO: [ template_filter ] --END-- [ RunTime:0.000000s ]
NOTIC: [8] Undefined variable: list2 D:\wamp\www\myTp1\Web\Runtime\Cache\Home\a5d07c113795da31d2426caff16ba5bc.php 第 70 行.
INFO: Run Behavior\ParseTemplateBehavior [ RunTime:0.017001s ]
INFO: [ view_parse ] --END-- [ RunTime:0.017001s ]
INFO: [ view_filter ] --START--
INFO: Run Behavior\WriteHtmlCacheBehavior [ RunTime:0.001000s ]
INFO: [ view_filter ] --END-- [ RunTime:0.001000s ]
INFO: [ app_end ] --START--
INFO: Run Behavior\ShowPageTraceBehavior [ RunTime:0.001000s ]
INFO: [ app_end ] --END-- [ RunTime:0.001000s ]

[ 2017-11-17T13:26:25+08:00 ] ::1 /myTp1/?page=0
INFO: [ app_init ] --START--
INFO: Run Behavior\BuildLiteBehavior [ RunTime:0.001000s ]
INFO: [ app_init ] --END-- [ RunTime:0.001000s ]
INFO: [ app_begin ] --START--
INFO: Run Behavior\ReadHtmlCacheBehavior [ RunTime:0.001000s ]
INFO: [ app_begin ] --END-- [ RunTime:0.002000s ]
NOTIC: [8192] mysql_connect(): The mysql extension is deprecated and will be removed in the future: use mysqli or PDO instead D:\wamp\www\myTp1\ThinkPHP\Library\Think\Db\Driver\Mysql.class.php 第 52 行.
SQL: SHOW COLUMNS FROM `think_lol` [ RunTime:0.001000s ]
ERR: 1146:Table 'mytp1_db.think_lol' doesn't exist
 [ SQL语句 ] : SHOW COLUMNS FROM `think_lol`
SQL: SELECT COUNT(*) AS tp_count FROM `think_lol` LIMIT 1   [ RunTime:0.001000s ]
ERR: 1146:Table 'mytp1_db.think_lol' doesn't exist
 [ SQL语句 ] : SELECT COUNT(*) AS tp_count FROM `think_lol` LIMIT 1  
SQL: SELECT * FROM `think_lol` LIMIT -10,10   [ RunTime:0.000000s ]
ERR: 1064:You have an error in your SQL syntax; check the manual that corresponds to your MySQL server version for the right syntax to use near '-10,10' at line 1
 [ SQL语句 ] : SELECT * FROM `think_lol` LIMIT -10,10  
INFO: [ view_parse ] --START--
INFO: [ template_filter ] --START--
INFO: Run Behavior\ContentReplaceBehavior [ RunTime:0.000000s ]
INFO: [ template_filter ] --END-- [ RunTime:0.000000s ]
NOTIC: [8] Undefined variable: list2 D:\wamp\www\myTp1\Web\Runtime\Cache\Home\a5d07c113795da31d2426caff16ba5bc.php 第 70 行.
INFO: Run Behavior\ParseTemplateBehavior [ RunTime:0.016001s ]
INFO: [ view_parse ] --END-- [ RunTime:0.016001s ]
INFO: [ view_filter ] --START--
INFO: Run Behavior\WriteHtmlCacheBehavior [ RunTime:0.001000s ]
INFO: [ view_filter ] --END-- [ RunTime:0.001000s ]
INFO: [ app_end ] --START--
INFO: Run Behavior\ShowPageTraceBehavior [ RunTime:0.001000s ]
INFO: [ app_end ] --END-- [ RunTime:0.001000s ]

[ 2017-11-17T13:26:26+08:00 ] ::1 /myTp1/index.php?m=Home&c=Team&a=team
INFO: [ app_init ] --START--
INFO: Run Behavior\BuildLiteBehavior [ RunTime:0.000000s ]
INFO: [ app_init ] --END-- [ RunTime:0.001000s ]
INFO: [ app_begin ] --START--
INFO: Run Behavior\ReadHtmlCacheBehavior [ RunTime:0.002000s ]
INFO: [ app_begin ] --END-- [ RunTime:0.002000s ]
NOTIC: [8192] mysql_connect(): The mysql extension is deprecated and will be removed in the future: use mysqli or PDO instead D:\wamp\www\myTp1\ThinkPHP\Library\Think\Db\Driver\Mysql.class.php 第 52 行.
SQL: SHOW COLUMNS FROM `think_team` [ RunTime:0.001000s ]
ERR: 1146:Table 'mytp1_db.think_team' doesn't exist
 [ SQL语句 ] : SHOW COLUMNS FROM `think_team`
NOTIC: [8] Undefined index: type D:\wamp\www\myTp1\Web\Home\Controller\TeamController.class.php 第 8 行.
SQL: SELECT * FROM `think_team`  [ RunTime:0.000000s ]
ERR: 1146:Table 'mytp1_db.think_team' doesn't exist
 [ SQL语句 ] : SELECT * FROM `think_team` 
INFO: [ view_parse ] --START--
INFO: [ template_filter ] --START--
INFO: Run Behavior\ContentReplaceBehavior [ RunTime:0.000000s ]
INFO: [ template_filter ] --END-- [ RunTime:0.000000s ]
INFO: Run Behavior\ParseTemplateBehavior [ RunTime:0.015001s ]
INFO: [ view_parse ] --END-- [ RunTime:0.015001s ]
INFO: [ view_filter ] --START--
INFO: Run Behavior\WriteHtmlCacheBehavior [ RunTime:0.001000s ]
INFO: [ view_filter ] --END-- [ RunTime:0.001000s ]
INFO: [ app_end ] --START--
INFO: Run Behavior\ShowPageTraceBehavior [ RunTime:0.001000s ]
INFO: [ app_end ] --END-- [ RunTime:0.001000s ]

[ 2017-11-17T13:26:27+08:00 ] ::1 /myTp1/index.php?m=Home&c=Team&a=team
INFO: [ app_init ] --START--
INFO: Run Behavior\BuildLiteBehavior [ RunTime:0.000000s ]
INFO: [ app_init ] --END-- [ RunTime:0.001000s ]
INFO: [ app_begin ] --START--
INFO: Run Behavior\ReadHtmlCacheBehavior [ RunTime:0.001000s ]
INFO: [ app_begin ] --END-- [ RunTime:0.001000s ]
NOTIC: [8192] mysql_connect(): The mysql extension is deprecated and will be removed in the future: use mysqli or PDO instead D:\wamp\www\myTp1\ThinkPHP\Library\Think\Db\Driver\Mysql.class.php 第 52 行.
SQL: SHOW COLUMNS FROM `think_team` [ RunTime:0.001000s ]
ERR: 1146:Table 'mytp1_db.think_team' doesn't exist
 [ SQL语句 ] : SHOW COLUMNS FROM `think_team`
SQL: SELECT * FROM `think_team` ORDER BY money desc  [ RunTime:0.001000s ]
ERR: 1146:Table 'mytp1_db.think_team' doesn't exist
 [ SQL语句 ] : SELECT * FROM `think_team` ORDER BY money desc 
INFO: [ view_parse ] --START--
INFO: [ template_filter ] --START--
INFO: Run Behavior\ContentReplaceBehavior [ RunTime:0.000000s ]
INFO: [ template_filter ] --END-- [ RunTime:0.000000s ]
INFO: Run Behavior\ParseTemplateBehavior [ RunTime:0.014001s ]
INFO: [ view_parse ] --END-- [ RunTime:0.014001s ]
INFO: [ view_filter ] --START--
INFO: Run Behavior\WriteHtmlCacheBehavior [ RunTime:0.000000s ]
INFO: [ view_filter ] --END-- [ RunTime:0.002000s ]
INFO: [ app_end ] --START--
INFO: Run Behavior\ShowPageTraceBehavior [ RunTime:0.001000s ]
INFO: [ app_end ] --END-- [ RunTime:0.001000s ]

[ 2017-11-17T13:26:28+08:00 ] ::1 /myTp1/index.php?m=Home&c=Team&a=team
INFO: [ app_init ] --START--
INFO: Run Behavior\BuildLiteBehavior [ RunTime:0.000000s ]
INFO: [ app_init ] --END-- [ RunTime:0.000000s ]
INFO: [ app_begin ] --START--
INFO: Run Behavior\ReadHtmlCacheBehavior [ RunTime:0.001000s ]
INFO: [ app_begin ] --END-- [ RunTime:0.001000s ]
NOTIC: [8192] mysql_connect(): The mysql extension is deprecated and will be removed in the future: use mysqli or PDO instead D:\wamp\www\myTp1\ThinkPHP\Library\Think\Db\Driver\Mysql.class.php 第 52 行.
SQL: SHOW COLUMNS FROM `think_team` [ RunTime:0.001000s ]
ERR: 1146:Table 'mytp1_db.think_team' doesn't exist
 [ SQL语句 ] : SHOW COLUMNS FROM `think_team`
NOTIC: [8] Undefined index: type D:\wamp\www\myTp1\Web\Home\Controller\TeamController.class.php 第 8 行.
SQL: SELECT * FROM `think_team`  [ RunTime:0.001000s ]
ERR: 1146:Table 'mytp1_db.think_team' doesn't exist
 [ SQL语句 ] : SELECT * FROM `think_team` 
INFO: [ view_parse ] --START--
INFO: [ template_filter ] --START--
INFO: Run Behavior\ContentReplaceBehavior [ RunTime:0.000000s ]
INFO: [ template_filter ] --END-- [ RunTime:0.000000s ]
INFO: Run Behavior\ParseTemplateBehavior [ RunTime:0.020001s ]
INFO: [ view_parse ] --END-- [ RunTime:0.020001s ]
INFO: [ view_filter ] --START--
INFO: Run Behavior\WriteHtmlCacheBehavior [ RunTime:0.001000s ]
INFO: [ view_filter ] --END-- [ RunTime:0.001000s ]
INFO: [ app_end ] --START--
INFO: Run Behavior\ShowPageTraceBehavior [ RunTime:0.001000s ]
INFO: [ app_end ] --END-- [ RunTime:0.001000s ]

[ 2017-11-17T13:26:29+08:00 ] ::1 /myTp1/index.php?m=Home&c=Loler&a=loler
INFO: [ app_init ] --START--
INFO: Run Behavior\BuildLiteBehavior [ RunTime:0.001000s ]
INFO: [ app_init ] --END-- [ RunTime:0.001000s ]
INFO: [ app_begin ] --START--
INFO: Run Behavior\ReadHtmlCacheBehavior [ RunTime:0.001000s ]
INFO: [ app_begin ] --END-- [ RunTime:0.002000s ]
NOTIC: [8192] mysql_connect(): The mysql extension is deprecated and will be removed in the future: use mysqli or PDO instead D:\wamp\www\myTp1\ThinkPHP\Library\Think\Db\Driver\Mysql.class.php 第 52 行.
SQL: SHOW COLUMNS FROM `think_loler` [ RunTime:0.001000s ]
ERR: 1146:Table 'mytp1_db.think_loler' doesn't exist
 [ SQL语句 ] : SHOW COLUMNS FROM `think_loler`
NOTIC: [8] Undefined index: type D:\wamp\www\myTp1\Web\Home\Controller\LolerController.class.php 第 7 行.
SQL: SELECT COUNT(*) AS tp_count FROM `think_loler` LIMIT 1   [ RunTime:0.001000s ]
ERR: 1146:Table 'mytp1_db.think_loler' doesn't exist
 [ SQL语句 ] : SELECT COUNT(*) AS tp_count FROM `think_loler` LIMIT 1  
SQL: SELECT * FROM `think_loler` LIMIT -10,10   [ RunTime:0.000000s ]
ERR: 1064:You have an error in your SQL syntax; check the manual that corresponds to your MySQL server version for the right syntax to use near '-10,10' at line 1
 [ SQL语句 ] : SELECT * FROM `think_loler` LIMIT -10,10  
INFO: [ view_parse ] --START--
INFO: [ template_filter ] --START--
INFO: Run Behavior\ContentReplaceBehavior [ RunTime:0.000000s ]
INFO: [ template_filter ] --END-- [ RunTime:0.000000s ]
INFO: Run Behavior\ParseTemplateBehavior [ RunTime:0.016000s ]
INFO: [ view_parse ] --END-- [ RunTime:0.016000s ]
INFO: [ view_filter ] --START--
INFO: Run Behavior\WriteHtmlCacheBehavior [ RunTime:0.001001s ]
INFO: [ view_filter ] --END-- [ RunTime:0.001001s ]
INFO: [ app_end ] --START--
INFO: Run Behavior\ShowPageTraceBehavior [ RunTime:0.001000s ]
INFO: [ app_end ] --END-- [ RunTime:0.001000s ]

[ 2017-11-17T13:26:30+08:00 ] ::1 /myTp1/index.php?m=Home&c=Loler&a=loler
INFO: [ app_init ] --START--
INFO: Run Behavior\BuildLiteBehavior [ RunTime:0.000000s ]
INFO: [ app_init ] --END-- [ RunTime:0.001000s ]
INFO: [ app_begin ] --START--
INFO: Run Behavior\ReadHtmlCacheBehavior [ RunTime:0.001000s ]
INFO: [ app_begin ] --END-- [ RunTime:0.001000s ]
NOTIC: [8192] mysql_connect(): The mysql extension is deprecated and will be removed in the future: use mysqli or PDO instead D:\wamp\www\myTp1\ThinkPHP\Library\Think\Db\Driver\Mysql.class.php 第 52 行.
SQL: SHOW COLUMNS FROM `think_loler` [ RunTime:0.001000s ]
ERR: 1146:Table 'mytp1_db.think_loler' doesn't exist
 [ SQL语句 ] : SHOW COLUMNS FROM `think_loler`
NOTIC: [8] Undefined index: type D:\wamp\www\myTp1\Web\Home\Controller\LolerController.class.php 第 7 行.
SQL: SELECT COUNT(*) AS tp_count FROM `think_loler` LIMIT 1   [ RunTime:0.000000s ]
ERR: 1146:Table 'mytp1_db.think_loler' doesn't exist
 [ SQL语句 ] : SELECT COUNT(*) AS tp_count FROM `think_loler` LIMIT 1  
SQL: SELECT * FROM `think_loler` LIMIT -10,10   [ RunTime:0.000000s ]
ERR: 1064:You have an error in your SQL syntax; check the manual that corresponds to your MySQL server version for the right syntax to use near '-10,10' at line 1
 [ SQL语句 ] : SELECT * FROM `think_loler` LIMIT -10,10  
INFO: [ view_parse ] --START--
INFO: [ template_filter ] --START--
INFO: Run Behavior\ContentReplaceBehavior [ RunTime:0.000000s ]
INFO: [ template_filter ] --END-- [ RunTime:0.000000s ]
INFO: Run Behavior\ParseTemplateBehavior [ RunTime:0.015001s ]
INFO: [ view_parse ] --END-- [ RunTime:0.015001s ]
INFO: [ view_filter ] --START--
INFO: Run Behavior\WriteHtmlCacheBehavior [ RunTime:0.001000s ]
INFO: [ view_filter ] --END-- [ RunTime:0.001000s ]
INFO: [ app_end ] --START--
INFO: Run Behavior\ShowPageTraceBehavior [ RunTime:0.001000s ]
INFO: [ app_end ] --END-- [ RunTime:0.001000s ]

[ 2017-11-17T13:26:31+08:00 ] ::1 /myTp1/index.php?m=Home&c=Team&a=team
INFO: [ app_init ] --START--
INFO: Run Behavior\BuildLiteBehavior [ RunTime:0.000000s ]
INFO: [ app_init ] --END-- [ RunTime:0.001000s ]
INFO: [ app_begin ] --START--
INFO: Run Behavior\ReadHtmlCacheBehavior [ RunTime:0.001001s ]
INFO: [ app_begin ] --END-- [ RunTime:0.001001s ]
NOTIC: [8192] mysql_connect(): The mysql extension is deprecated and will be removed in the future: use mysqli or PDO instead D:\wamp\www\myTp1\ThinkPHP\Library\Think\Db\Driver\Mysql.class.php 第 52 行.
SQL: SHOW COLUMNS FROM `think_team` [ RunTime:0.001000s ]
ERR: 1146:Table 'mytp1_db.think_team' doesn't exist
 [ SQL语句 ] : SHOW COLUMNS FROM `think_team`
NOTIC: [8] Undefined index: type D:\wamp\www\myTp1\Web\Home\Controller\TeamController.class.php 第 8 行.
SQL: SELECT * FROM `think_team`  [ RunTime:0.001000s ]
ERR: 1146:Table 'mytp1_db.think_team' doesn't exist
 [ SQL语句 ] : SELECT * FROM `think_team` 
INFO: [ view_parse ] --START--
INFO: [ template_filter ] --START--
INFO: Run Behavior\ContentReplaceBehavior [ RunTime:0.000000s ]
INFO: [ template_filter ] --END-- [ RunTime:0.001000s ]
INFO: Run Behavior\ParseTemplateBehavior [ RunTime:0.017001s ]
INFO: [ view_parse ] --END-- [ RunTime:0.017001s ]
INFO: [ view_filter ] --START--
INFO: Run Behavior\WriteHtmlCacheBehavior [ RunTime:0.001000s ]
INFO: [ view_filter ] --END-- [ RunTime:0.001000s ]
INFO: [ app_end ] --START--
INFO: Run Behavior\ShowPageTraceBehavior [ RunTime:0.001000s ]
INFO: [ app_end ] --END-- [ RunTime:0.001000s ]

[ 2017-11-17T13:26:32+08:00 ] ::1 /myTp1/index.php?m=Home&c=Index&a=index
INFO: [ app_init ] --START--
INFO: Run Behavior\BuildLiteBehavior [ RunTime:0.000000s ]
INFO: [ app_init ] --END-- [ RunTime:0.000000s ]
INFO: [ app_begin ] --START--
INFO: Run Behavior\ReadHtmlCacheBehavior [ RunTime:0.002000s ]
INFO: [ app_begin ] --END-- [ RunTime:0.002000s ]
NOTIC: [8192] mysql_connect(): The mysql extension is deprecated and will be removed in the future: use mysqli or PDO instead D:\wamp\www\myTp1\ThinkPHP\Library\Think\Db\Driver\Mysql.class.php 第 52 行.
SQL: SHOW COLUMNS FROM `think_lol` [ RunTime:0.001000s ]
ERR: 1146:Table 'mytp1_db.think_lol' doesn't exist
 [ SQL语句 ] : SHOW COLUMNS FROM `think_lol`
SQL: SELECT COUNT(*) AS tp_count FROM `think_lol` LIMIT 1   [ RunTime:0.000000s ]
ERR: 1146:Table 'mytp1_db.think_lol' doesn't exist
 [ SQL语句 ] : SELECT COUNT(*) AS tp_count FROM `think_lol` LIMIT 1  
SQL: SELECT * FROM `think_lol` LIMIT -10,10   [ RunTime:0.000000s ]
ERR: 1064:You have an error in your SQL syntax; check the manual that corresponds to your MySQL server version for the right syntax to use near '-10,10' at line 1
 [ SQL语句 ] : SELECT * FROM `think_lol` LIMIT -10,10  
INFO: [ view_parse ] --START--
INFO: [ template_filter ] --START--
INFO: Run Behavior\ContentReplaceBehavior [ RunTime:0.000000s ]
INFO: [ template_filter ] --END-- [ RunTime:0.000000s ]
NOTIC: [8] Undefined variable: list2 D:\wamp\www\myTp1\Web\Runtime\Cache\Home\a5d07c113795da31d2426caff16ba5bc.php 第 70 行.
INFO: Run Behavior\ParseTemplateBehavior [ RunTime:0.017001s ]
INFO: [ view_parse ] --END-- [ RunTime:0.017001s ]
INFO: [ view_filter ] --START--
INFO: Run Behavior\WriteHtmlCacheBehavior [ RunTime:0.002000s ]
INFO: [ view_filter ] --END-- [ RunTime:0.002000s ]
INFO: [ app_end ] --START--
INFO: Run Behavior\ShowPageTraceBehavior [ RunTime:0.001000s ]
INFO: [ app_end ] --END-- [ RunTime:0.002000s ]

[ 2017-11-17T13:26:34+08:00 ] ::1 /myTp1/index.php?m=Home&c=Login&a=login
INFO: [ app_init ] --START--
INFO: Run Behavior\BuildLiteBehavior [ RunTime:0.000000s ]
INFO: [ app_init ] --END-- [ RunTime:0.000000s ]
INFO: [ app_begin ] --START--
INFO: Run Behavior\ReadHtmlCacheBehavior [ RunTime:0.002001s ]
INFO: [ app_begin ] --END-- [ RunTime:0.002001s ]
NOTIC: [8192] mysql_connect(): The mysql extension is deprecated and will be removed in the future: use mysqli or PDO instead D:\wamp\www\myTp1\ThinkPHP\Library\Think\Db\Driver\Mysql.class.php 第 52 行.
SQL: SHOW COLUMNS FROM `think_admin` [ RunTime:0.001000s ]
ERR: 1146:Table 'mytp1_db.think_admin' doesn't exist
 [ SQL语句 ] : SHOW COLUMNS FROM `think_admin`
NOTIC: [8] Undefined index: name D:\wamp\www\myTp1\Web\Home\Controller\LoginController.class.php 第 9 行.
NOTIC: [8] Undefined index: pwd D:\wamp\www\myTp1\Web\Home\Controller\LoginController.class.php 第 10 行.
SQL: SHOW COLUMNS FROM `think_lol` [ RunTime:0.001000s ]
ERR: 1146:Table 'mytp1_db.think_lol' doesn't exist
 [ SQL语句 ] : SHOW COLUMNS FROM `think_lol`
INFO: [ view_parse ] --START--
INFO: [ template_filter ] --START--
INFO: Run Behavior\ContentReplaceBehavior [ RunTime:0.000000s ]
INFO: [ template_filter ] --END-- [ RunTime:0.001000s ]
INFO: Run Behavior\ParseTemplateBehavior [ RunTime:0.009000s ]
INFO: [ view_parse ] --END-- [ RunTime:0.009000s ]
INFO: [ view_filter ] --START--
INFO: Run Behavior\WriteHtmlCacheBehavior [ RunTime:0.001000s ]
INFO: [ view_filter ] --END-- [ RunTime:0.001000s ]
INFO: [ app_end ] --START--
INFO: Run Behavior\ShowPageTraceBehavior [ RunTime:0.002000s ]
INFO: [ app_end ] --END-- [ RunTime:0.002000s ]

[ 2017-11-17T13:26:35+08:00 ] ::1 /myTp1/index.php?m=Home&c=Login&a=login
INFO: [ app_init ] --START--
INFO: Run Behavior\BuildLiteBehavior [ RunTime:0.000000s ]
INFO: [ app_init ] --END-- [ RunTime:0.000000s ]
INFO: [ app_begin ] --START--
INFO: Run Behavior\ReadHtmlCacheBehavior [ RunTime:0.001000s ]
INFO: [ app_begin ] --END-- [ RunTime:0.001000s ]
NOTIC: [8192] mysql_connect(): The mysql extension is deprecated and will be removed in the future: use mysqli or PDO instead D:\wamp\www\myTp1\ThinkPHP\Library\Think\Db\Driver\Mysql.class.php 第 52 行.
SQL: SHOW COLUMNS FROM `think_admin` [ RunTime:0.000000s ]
ERR: 1146:Table 'mytp1_db.think_admin' doesn't exist
 [ SQL语句 ] : SHOW COLUMNS FROM `think_admin`
SQL: SHOW COLUMNS FROM `think_lol` [ RunTime:0.001000s ]
ERR: 1146:Table 'mytp1_db.think_lol' doesn't exist
 [ SQL语句 ] : SHOW COLUMNS FROM `think_lol`
SQL: SELECT * FROM `think_admin` WHERE ( user= '13215268255'AND pwd= '123456' )  [ RunTime:0.001000s ]
ERR: 1146:Table 'mytp1_db.think_admin' doesn't exist
 [ SQL语句 ] : SELECT * FROM `think_admin` WHERE ( user= '13215268255'AND pwd= '123456' ) 
INFO: [ view_parse ] --START--
INFO: [ template_filter ] --START--
INFO: Run Behavior\ContentReplaceBehavior [ RunTime:0.001000s ]
INFO: [ template_filter ] --END-- [ RunTime:0.001000s ]
INFO: Run Behavior\ParseTemplateBehavior [ RunTime:0.012001s ]
INFO: [ view_parse ] --END-- [ RunTime:0.012001s ]
INFO: [ view_filter ] --START--
INFO: Run Behavior\WriteHtmlCacheBehavior [ RunTime:0.001000s ]
INFO: [ view_filter ] --END-- [ RunTime:0.001000s ]
INFO: [ app_end ] --START--
INFO: Run Behavior\ShowPageTraceBehavior [ RunTime:0.003000s ]
INFO: [ app_end ] --END-- [ RunTime:0.004000s ]

[ 2017-11-17T13:26:42+08:00 ] ::1 /myTp1/index.php?m=Home&c=Login&a=login
INFO: [ app_init ] --START--
INFO: Run Behavior\BuildLiteBehavior [ RunTime:0.000000s ]
INFO: [ app_init ] --END-- [ RunTime:0.001000s ]
INFO: [ app_begin ] --START--
INFO: Run Behavior\ReadHtmlCacheBehavior [ RunTime:0.001000s ]
INFO: [ app_begin ] --END-- [ RunTime:0.001000s ]
NOTIC: [8192] mysql_connect(): The mysql extension is deprecated and will be removed in the future: use mysqli or PDO instead D:\wamp\www\myTp1\ThinkPHP\Library\Think\Db\Driver\Mysql.class.php 第 52 行.
SQL: SHOW COLUMNS FROM `think_admin` [ RunTime:0.000000s ]
ERR: 1146:Table 'mytp1_db.think_admin' doesn't exist
 [ SQL语句 ] : SHOW COLUMNS FROM `think_admin`
SQL: SHOW COLUMNS FROM `think_lol` [ RunTime:0.000000s ]
ERR: 1146:Table 'mytp1_db.think_lol' doesn't exist
 [ SQL语句 ] : SHOW COLUMNS FROM `think_lol`
SQL: SELECT * FROM `think_admin` WHERE ( user= 'admin'AND pwd= '123456' )  [ RunTime:0.000000s ]
ERR: 1146:Table 'mytp1_db.think_admin' doesn't exist
 [ SQL语句 ] : SELECT * FROM `think_admin` WHERE ( user= 'admin'AND pwd= '123456' ) 
INFO: [ view_parse ] --START--
INFO: [ template_filter ] --START--
INFO: Run Behavior\ContentReplaceBehavior [ RunTime:0.000000s ]
INFO: [ template_filter ] --END-- [ RunTime:0.000000s ]
INFO: Run Behavior\ParseTemplateBehavior [ RunTime:0.012000s ]
INFO: [ view_parse ] --END-- [ RunTime:0.012000s ]
INFO: [ view_filter ] --START--
INFO: Run Behavior\WriteHtmlCacheBehavior [ RunTime:0.001001s ]
INFO: [ view_filter ] --END-- [ RunTime:0.001001s ]
INFO: [ app_end ] --START--
INFO: Run Behavior\ShowPageTraceBehavior [ RunTime:0.001000s ]
INFO: [ app_end ] --END-- [ RunTime:0.001000s ]

[ 2017-11-17T13:26:54+08:00 ] ::1 /myTp1/index.php?m=Home&c=Login&a=zhuce
INFO: [ app_init ] --START--
INFO: Run Behavior\BuildLiteBehavior [ RunTime:0.000000s ]
INFO: [ app_init ] --END-- [ RunTime:0.000000s ]
INFO: [ app_begin ] --START--
INFO: Run Behavior\ReadHtmlCacheBehavior [ RunTime:0.001000s ]
INFO: [ app_begin ] --END-- [ RunTime:0.001000s ]
NOTIC: [8192] mysql_connect(): The mysql extension is deprecated and will be removed in the future: use mysqli or PDO instead D:\wamp\www\myTp1\ThinkPHP\Library\Think\Db\Driver\Mysql.class.php 第 52 行.
SQL: SHOW COLUMNS FROM `think_admin` [ RunTime:0.000000s ]
ERR: 1146:Table 'mytp1_db.think_admin' doesn't exist
 [ SQL语句 ] : SHOW COLUMNS FROM `think_admin`
SQL: INSERT INTO `think_admin` (`user`,`pwd`) VALUES ('admin','admin') [ RunTime:0.000000s ]
ERR: 1146:Table 'mytp1_db.think_admin' doesn't exist
 [ SQL语句 ] : INSERT INTO `think_admin` (`user`,`pwd`) VALUES ('admin','admin')
INFO: [ view_parse ] --START--
INFO: [ template_filter ] --START--
INFO: Run Behavior\ContentReplaceBehavior [ RunTime:0.000000s ]
INFO: [ template_filter ] --END-- [ RunTime:0.000000s ]
INFO: Run Behavior\ParseTemplateBehavior [ RunTime:0.010001s ]
INFO: [ view_parse ] --END-- [ RunTime:0.010001s ]
INFO: [ view_filter ] --START--
INFO: Run Behavior\WriteHtmlCacheBehavior [ RunTime:0.001000s ]
INFO: [ view_filter ] --END-- [ RunTime:0.002000s ]
INFO: [ app_end ] --START--
INFO: Run Behavior\ShowPageTraceBehavior [ RunTime:0.001000s ]
INFO: [ app_end ] --END-- [ RunTime:0.001000s ]

[ 2017-11-17T13:27:05+08:00 ] ::1 /myTp1/index.php?m=Home&c=Login&a=login
INFO: [ app_init ] --START--
INFO: Run Behavior\BuildLiteBehavior [ RunTime:0.000000s ]
INFO: [ app_init ] --END-- [ RunTime:0.001000s ]
INFO: [ app_begin ] --START--
INFO: Run Behavior\ReadHtmlCacheBehavior [ RunTime:0.001000s ]
INFO: [ app_begin ] --END-- [ RunTime:0.001000s ]
NOTIC: [8192] mysql_connect(): The mysql extension is deprecated and will be removed in the future: use mysqli or PDO instead D:\wamp\www\myTp1\ThinkPHP\Library\Think\Db\Driver\Mysql.class.php 第 52 行.
SQL: SHOW COLUMNS FROM `think_admin` [ RunTime:0.001000s ]
ERR: 1146:Table 'mytp1_db.think_admin' doesn't exist
 [ SQL语句 ] : SHOW COLUMNS FROM `think_admin`
SQL: SHOW COLUMNS FROM `think_lol` [ RunTime:0.001000s ]
ERR: 1146:Table 'mytp1_db.think_lol' doesn't exist
 [ SQL语句 ] : SHOW COLUMNS FROM `think_lol`
SQL: SELECT * FROM `think_admin` WHERE ( user= 'admin'AND pwd= 'admin' )  [ RunTime:0.001000s ]
ERR: 1146:Table 'mytp1_db.think_admin' doesn't exist
 [ SQL语句 ] : SELECT * FROM `think_admin` WHERE ( user= 'admin'AND pwd= 'admin' ) 
INFO: [ view_parse ] --START--
INFO: [ template_filter ] --START--
INFO: Run Behavior\ContentReplaceBehavior [ RunTime:0.000000s ]
INFO: [ template_filter ] --END-- [ RunTime:0.000000s ]
INFO: Run Behavior\ParseTemplateBehavior [ RunTime:0.012001s ]
INFO: [ view_parse ] --END-- [ RunTime:0.012001s ]
INFO: [ view_filter ] --START--
INFO: Run Behavior\WriteHtmlCacheBehavior [ RunTime:0.002000s ]
INFO: [ view_filter ] --END-- [ RunTime:0.002000s ]
INFO: [ app_end ] --START--
INFO: Run Behavior\ShowPageTraceBehavior [ RunTime:0.001000s ]
INFO: [ app_end ] --END-- [ RunTime:0.001000s ]

[ 2017-11-17T13:27:29+08:00 ] ::1 /myTp1/index.php?
INFO: [ app_init ] --START--
INFO: Run Behavior\BuildLiteBehavior [ RunTime:0.000000s ]
INFO: [ app_init ] --END-- [ RunTime:0.000000s ]
INFO: [ app_begin ] --START--
INFO: Run Behavior\ReadHtmlCacheBehavior [ RunTime:0.001000s ]
INFO: [ app_begin ] --END-- [ RunTime:0.002000s ]
NOTIC: [8192] mysql_connect(): The mysql extension is deprecated and will be removed in the future: use mysqli or PDO instead D:\wamp\www\myTp1\ThinkPHP\Library\Think\Db\Driver\Mysql.class.php 第 52 行.
SQL: SHOW COLUMNS FROM `think_lol` [ RunTime:0.000000s ]
ERR: 1146:Table 'mytp1_db.think_lol' doesn't exist
 [ SQL语句 ] : SHOW COLUMNS FROM `think_lol`
SQL: SELECT COUNT(*) AS tp_count FROM `think_lol` LIMIT 1   [ RunTime:0.000000s ]
ERR: 1146:Table 'mytp1_db.think_lol' doesn't exist
 [ SQL语句 ] : SELECT COUNT(*) AS tp_count FROM `think_lol` LIMIT 1  
SQL: SELECT * FROM `think_lol` LIMIT -10,10   [ RunTime:0.001000s ]
ERR: 1064:You have an error in your SQL syntax; check the manual that corresponds to your MySQL server version for the right syntax to use near '-10,10' at line 1
 [ SQL语句 ] : SELECT * FROM `think_lol` LIMIT -10,10  
INFO: [ view_parse ] --START--
INFO: [ template_filter ] --START--
INFO: Run Behavior\ContentReplaceBehavior [ RunTime:0.000000s ]
INFO: [ template_filter ] --END-- [ RunTime:0.000000s ]
NOTIC: [8] Undefined variable: list2 D:\wamp\www\myTp1\Web\Runtime\Cache\Home\a5d07c113795da31d2426caff16ba5bc.php 第 70 行.
INFO: Run Behavior\ParseTemplateBehavior [ RunTime:0.016001s ]
INFO: [ view_parse ] --END-- [ RunTime:0.016001s ]
INFO: [ view_filter ] --START--
INFO: Run Behavior\WriteHtmlCacheBehavior [ RunTime:0.001000s ]
INFO: [ view_filter ] --END-- [ RunTime:0.001000s ]
INFO: [ app_end ] --START--
INFO: Run Behavior\ShowPageTraceBehavior [ RunTime:0.001000s ]
INFO: [ app_end ] --END-- [ RunTime:0.001000s ]

[ 2017-11-17T13:27:36+08:00 ] ::1 /myTp1/index.php?m=Home&c=Index&a=select
INFO: [ app_init ] --START--
INFO: Run Behavior\BuildLiteBehavior [ RunTime:0.000000s ]
INFO: [ app_init ] --END-- [ RunTime:0.001000s ]
INFO: [ app_begin ] --START--
INFO: Run Behavior\ReadHtmlCacheBehavior [ RunTime:0.001000s ]
INFO: [ app_begin ] --END-- [ RunTime:0.001000s ]
NOTIC: [8192] mysql_connect(): The mysql extension is deprecated and will be removed in the future: use mysqli or PDO instead D:\wamp\www\myTp1\ThinkPHP\Library\Think\Db\Driver\Mysql.class.php 第 52 行.
SQL: SHOW COLUMNS FROM `think_lol` [ RunTime:0.001000s ]
ERR: 1146:Table 'mytp1_db.think_lol' doesn't exist
 [ SQL语句 ] : SHOW COLUMNS FROM `think_lol`
SQL: SELECT COUNT(*) AS tp_count FROM `think_lol` LIMIT 1   [ RunTime:0.001000s ]
ERR: 1146:Table 'mytp1_db.think_lol' doesn't exist
 [ SQL语句 ] : SELECT COUNT(*) AS tp_count FROM `think_lol` LIMIT 1  
SQL: SELECT * FROM `think_lol` LIMIT -10,10   [ RunTime:0.001000s ]
ERR: 1064:You have an error in your SQL syntax; check the manual that corresponds to your MySQL server version for the right syntax to use near '-10,10' at line 1
 [ SQL语句 ] : SELECT * FROM `think_lol` LIMIT -10,10  
NOTIC: [8] Undefined variable: list2 D:\wamp\www\myTp1\Web\Home\Controller\IndexController.class.php 第 35 行.
INFO: [ view_parse ] --START--
INFO: [ template_filter ] --START--
INFO: Run Behavior\ContentReplaceBehavior [ RunTime:0.000000s ]
INFO: [ template_filter ] --END-- [ RunTime:0.000000s ]
INFO: Run Behavior\ParseTemplateBehavior [ RunTime:0.018001s ]
INFO: [ view_parse ] --END-- [ RunTime:0.018001s ]
INFO: [ view_filter ] --START--
INFO: Run Behavior\WriteHtmlCacheBehavior [ RunTime:0.000000s ]
INFO: [ view_filter ] --END-- [ RunTime:0.001000s ]
INFO: [ app_end ] --START--
INFO: Run Behavior\ShowPageTraceBehavior [ RunTime:0.000000s ]
INFO: [ app_end ] --END-- [ RunTime:0.000000s ]

[ 2017-11-17T13:27:39+08:00 ] ::1 /myTp1/index.php?m=Home&c=Index&a=select
INFO: [ app_init ] --START--
INFO: Run Behavior\BuildLiteBehavior [ RunTime:0.000000s ]
INFO: [ app_init ] --END-- [ RunTime:0.000000s ]
INFO: [ app_begin ] --START--
INFO: Run Behavior\ReadHtmlCacheBehavior [ RunTime:0.002000s ]
INFO: [ app_begin ] --END-- [ RunTime:0.004000s ]
NOTIC: [8192] mysql_connect(): The mysql extension is deprecated and will be removed in the future: use mysqli or PDO instead D:\wamp\www\myTp1\ThinkPHP\Library\Think\Db\Driver\Mysql.class.php 第 52 行.
SQL: SHOW COLUMNS FROM `think_lol` [ RunTime:0.000000s ]
ERR: 1146:Table 'mytp1_db.think_lol' doesn't exist
 [ SQL语句 ] : SHOW COLUMNS FROM `think_lol`
SQL: SELECT COUNT(*) AS tp_count FROM `think_lol` LIMIT 1   [ RunTime:0.000000s ]
ERR: 1146:Table 'mytp1_db.think_lol' doesn't exist
 [ SQL语句 ] : SELECT COUNT(*) AS tp_count FROM `think_lol` LIMIT 1  
SQL: SELECT * FROM `think_lol` LIMIT -10,10   [ RunTime:0.000000s ]
ERR: 1064:You have an error in your SQL syntax; check the manual that corresponds to your MySQL server version for the right syntax to use near '-10,10' at line 1
 [ SQL语句 ] : SELECT * FROM `think_lol` LIMIT -10,10  
NOTIC: [8] Undefined variable: list2 D:\wamp\www\myTp1\Web\Home\Controller\IndexController.class.php 第 35 行.
INFO: [ view_parse ] --START--
INFO: [ template_filter ] --START--
INFO: Run Behavior\ContentReplaceBehavior [ RunTime:0.000000s ]
INFO: [ template_filter ] --END-- [ RunTime:0.001000s ]
INFO: Run Behavior\ParseTemplateBehavior [ RunTime:0.018001s ]
INFO: [ view_parse ] --END-- [ RunTime:0.018001s ]
INFO: [ view_filter ] --START--
INFO: Run Behavior\WriteHtmlCacheBehavior [ RunTime:0.000000s ]
INFO: [ view_filter ] --END-- [ RunTime:0.001000s ]
INFO: [ app_end ] --START--
INFO: Run Behavior\ShowPageTraceBehavior [ RunTime:0.000000s ]
INFO: [ app_end ] --END-- [ RunTime:0.001000s ]

[ 2017-11-17T13:32:11+08:00 ] ::1 /myTp1/index.php?m=Home&c=Index&a=select
INFO: [ app_init ] --START--
INFO: Run Behavior\BuildLiteBehavior [ RunTime:0.000000s ]
INFO: [ app_init ] --END-- [ RunTime:0.002000s ]
INFO: [ app_begin ] --START--
INFO: Run Behavior\ReadHtmlCacheBehavior [ RunTime:0.001000s ]
INFO: [ app_begin ] --END-- [ RunTime:0.001000s ]
NOTIC: [8192] mysql_connect(): The mysql extension is deprecated and will be removed in the future: use mysqli or PDO instead D:\wamp\www\myTp1\ThinkPHP\Library\Think\Db\Driver\Mysql.class.php 第 52 行.
SQL: SHOW COLUMNS FROM `think_lol` [ RunTime:0.001001s ]
SQL: SELECT COUNT(*) AS tp_count FROM `think_lol` LIMIT 1   [ RunTime:0.000000s ]
SQL: SELECT * FROM `think_lol` LIMIT 0,10   [ RunTime:0.000000s ]
NOTIC: [8] Undefined variable: list2 D:\wamp\www\myTp1\Web\Home\Controller\IndexController.class.php 第 35 行.
INFO: [ view_parse ] --START--
INFO: [ template_filter ] --START--
INFO: Run Behavior\ContentReplaceBehavior [ RunTime:0.000000s ]
INFO: [ template_filter ] --END-- [ RunTime:0.001000s ]
NOTIC: [8] Undefined index: rank D:\wamp\www\myTp1\Web\Runtime\Cache\Home\a5d07c113795da31d2426caff16ba5bc.php 第 80 行.
NOTIC: [8] Undefined index: rank D:\wamp\www\myTp1\Web\Runtime\Cache\Home\a5d07c113795da31d2426caff16ba5bc.php 第 80 行.
INFO: Run Behavior\ParseTemplateBehavior [ RunTime:0.015001s ]
INFO: [ view_parse ] --END-- [ RunTime:0.015001s ]
INFO: [ view_filter ] --START--
INFO: Run Behavior\WriteHtmlCacheBehavior [ RunTime:0.001000s ]
INFO: [ view_filter ] --END-- [ RunTime:0.001000s ]
INFO: [ app_end ] --START--
INFO: Run Behavior\ShowPageTraceBehavior [ RunTime:0.001000s ]
INFO: [ app_end ] --END-- [ RunTime:0.001000s ]

[ 2017-11-17T13:33:55+08:00 ] ::1 /myTp1/index.php?m=Home&c=Index&a=select
INFO: [ app_init ] --START--
INFO: Run Behavior\BuildLiteBehavior [ RunTime:0.000000s ]
INFO: [ app_init ] --END-- [ RunTime:0.001001s ]
INFO: [ app_begin ] --START--
INFO: Run Behavior\ReadHtmlCacheBehavior [ RunTime:0.001000s ]
INFO: [ app_begin ] --END-- [ RunTime:0.001000s ]
NOTIC: [8192] mysql_connect(): The mysql extension is deprecated and will be removed in the future: use mysqli or PDO instead D:\wamp\www\myTp1\ThinkPHP\Library\Think\Db\Driver\Mysql.class.php 第 52 行.
SQL: SHOW COLUMNS FROM `think_lol` [ RunTime:0.001000s ]
SQL: SELECT COUNT(*) AS tp_count FROM `think_lol` LIMIT 1   [ RunTime:0.001000s ]
SQL: SELECT * FROM `think_lol` LIMIT 0,10   [ RunTime:0.000000s ]
NOTIC: [8] Undefined variable: list2 D:\wamp\www\myTp1\Web\Home\Controller\IndexController.class.php 第 35 行.
INFO: [ view_parse ] --START--
INFO: [ template_filter ] --START--
INFO: Run Behavior\ContentReplaceBehavior [ RunTime:0.001000s ]
INFO: [ template_filter ] --END-- [ RunTime:0.001000s ]
NOTIC: [8] Undefined index: rank D:\wamp\www\myTp1\Web\Runtime\Cache\Home\a5d07c113795da31d2426caff16ba5bc.php 第 80 行.
NOTIC: [8] Undefined index: rank D:\wamp\www\myTp1\Web\Runtime\Cache\Home\a5d07c113795da31d2426caff16ba5bc.php 第 80 行.
INFO: Run Behavior\ParseTemplateBehavior [ RunTime:0.015001s ]
INFO: [ view_parse ] --END-- [ RunTime:0.016001s ]
INFO: [ view_filter ] --START--
INFO: Run Behavior\WriteHtmlCacheBehavior [ RunTime:0.000000s ]
INFO: [ view_filter ] --END-- [ RunTime:0.000000s ]
INFO: [ app_end ] --START--
INFO: Run Behavior\ShowPageTraceBehavior [ RunTime:0.000000s ]
INFO: [ app_end ] --END-- [ RunTime:0.000000s ]

[ 2017-11-17T13:38:49+08:00 ] ::1 /myTp1/index.php?m=Home&c=Index&a=select
INFO: [ app_init ] --START--
INFO: Run Behavior\BuildLiteBehavior [ RunTime:0.000000s ]
INFO: [ app_init ] --END-- [ RunTime:0.001000s ]
INFO: [ app_begin ] --START--
INFO: Run Behavior\ReadHtmlCacheBehavior [ RunTime:0.001000s ]
INFO: [ app_begin ] --END-- [ RunTime:0.001000s ]
NOTIC: [8192] mysql_connect(): The mysql extension is deprecated and will be removed in the future: use mysqli or PDO instead D:\wamp\www\myTp1\ThinkPHP\Library\Think\Db\Driver\Mysql.class.php 第 52 行.
SQL: SHOW COLUMNS FROM `think_lol` [ RunTime:0.000000s ]
SQL: SELECT COUNT(*) AS tp_count FROM `think_lol` LIMIT 1   [ RunTime:0.000000s ]
SQL: SELECT * FROM `think_lol` LIMIT 0,10   [ RunTime:0.000000s ]
NOTIC: [8] Undefined variable: list2 D:\wamp\www\myTp1\Web\Home\Controller\IndexController.class.php 第 35 行.
INFO: [ view_parse ] --START--
INFO: [ template_filter ] --START--
INFO: Run Behavior\ContentReplaceBehavior [ RunTime:0.000000s ]
INFO: [ template_filter ] --END-- [ RunTime:0.000000s ]
INFO: Run Behavior\ParseTemplateBehavior [ RunTime:0.016001s ]
INFO: [ view_parse ] --END-- [ RunTime:0.016001s ]
INFO: [ view_filter ] --START--
INFO: Run Behavior\WriteHtmlCacheBehavior [ RunTime:0.001000s ]
INFO: [ view_filter ] --END-- [ RunTime:0.001000s ]
INFO: [ app_end ] --START--
INFO: Run Behavior\ShowPageTraceBehavior [ RunTime:0.001000s ]
INFO: [ app_end ] --END-- [ RunTime:0.001000s ]

[ 2017-11-17T13:39:04+08:00 ] ::1 /myTp1/index.php?m=Home&c=Team&a=team
INFO: [ app_init ] --START--
INFO: Run Behavior\BuildLiteBehavior [ RunTime:0.000000s ]
INFO: [ app_init ] --END-- [ RunTime:0.001000s ]
INFO: [ app_begin ] --START--
INFO: Run Behavior\ReadHtmlCacheBehavior [ RunTime:0.001000s ]
INFO: [ app_begin ] --END-- [ RunTime:0.001000s ]
NOTIC: [8192] mysql_connect(): The mysql extension is deprecated and will be removed in the future: use mysqli or PDO instead D:\wamp\www\myTp1\ThinkPHP\Library\Think\Db\Driver\Mysql.class.php 第 52 行.
SQL: SHOW COLUMNS FROM `think_team` [ RunTime:0.001000s ]
ERR: 1146:Table 'mytp1_db.think_team' doesn't exist
 [ SQL语句 ] : SHOW COLUMNS FROM `think_team`
NOTIC: [8] Undefined index: type D:\wamp\www\myTp1\Web\Home\Controller\TeamController.class.php 第 8 行.
SQL: SELECT * FROM `think_team`  [ RunTime:0.001000s ]
ERR: 1146:Table 'mytp1_db.think_team' doesn't exist
 [ SQL语句 ] : SELECT * FROM `think_team` 
INFO: [ view_parse ] --START--
INFO: [ template_filter ] --START--
INFO: Run Behavior\ContentReplaceBehavior [ RunTime:0.000000s ]
INFO: [ template_filter ] --END-- [ RunTime:0.000000s ]
INFO: Run Behavior\ParseTemplateBehavior [ RunTime:0.016001s ]
INFO: [ view_parse ] --END-- [ RunTime:0.016001s ]
INFO: [ view_filter ] --START--
INFO: Run Behavior\WriteHtmlCacheBehavior [ RunTime:0.001000s ]
INFO: [ view_filter ] --END-- [ RunTime:0.001000s ]
INFO: [ app_end ] --START--
INFO: Run Behavior\ShowPageTraceBehavior [ RunTime:0.001000s ]
INFO: [ app_end ] --END-- [ RunTime:0.001000s ]

[ 2017-11-17T13:39:06+08:00 ] ::1 /myTp1/index.php?m=Home&c=Index&a=index
INFO: [ app_init ] --START--
INFO: Run Behavior\BuildLiteBehavior [ RunTime:0.000000s ]
INFO: [ app_init ] --END-- [ RunTime:0.001000s ]
INFO: [ app_begin ] --START--
INFO: Run Behavior\ReadHtmlCacheBehavior [ RunTime:0.000000s ]
INFO: [ app_begin ] --END-- [ RunTime:0.001000s ]
NOTIC: [8192] mysql_connect(): The mysql extension is deprecated and will be removed in the future: use mysqli or PDO instead D:\wamp\www\myTp1\ThinkPHP\Library\Think\Db\Driver\Mysql.class.php 第 52 行.
SQL: SHOW COLUMNS FROM `think_lol` [ RunTime:0.001000s ]
SQL: SELECT COUNT(*) AS tp_count FROM `think_lol` LIMIT 1   [ RunTime:0.000000s ]
SQL: SELECT * FROM `think_lol` LIMIT 0,10   [ RunTime:0.000000s ]
INFO: [ view_parse ] --START--
INFO: [ template_filter ] --START--
INFO: Run Behavior\ContentReplaceBehavior [ RunTime:0.000000s ]
INFO: [ template_filter ] --END-- [ RunTime:0.001000s ]
NOTIC: [8] Undefined variable: list2 D:\wamp\www\myTp1\Web\Runtime\Cache\Home\a5d07c113795da31d2426caff16ba5bc.php 第 70 行.
INFO: Run Behavior\ParseTemplateBehavior [ RunTime:0.017001s ]
INFO: [ view_parse ] --END-- [ RunTime:0.017001s ]
INFO: [ view_filter ] --START--
INFO: Run Behavior\WriteHtmlCacheBehavior [ RunTime:0.001000s ]
INFO: [ view_filter ] --END-- [ RunTime:0.001000s ]
INFO: [ app_end ] --START--
INFO: Run Behavior\ShowPageTraceBehavior [ RunTime:0.000000s ]
INFO: [ app_end ] --END-- [ RunTime:0.001000s ]

[ 2017-11-17T13:39:09+08:00 ] ::1 /myTp1/index.php?m=Home&c=Nav&a=nav
INFO: [ app_init ] --START--
INFO: Run Behavior\BuildLiteBehavior [ RunTime:0.001000s ]
INFO: [ app_init ] --END-- [ RunTime:0.001000s ]
INFO: [ app_begin ] --START--
INFO: Run Behavior\ReadHtmlCacheBehavior [ RunTime:0.000000s ]
INFO: [ app_begin ] --END-- [ RunTime:0.001000s ]
NOTIC: [8192] mysql_connect(): The mysql extension is deprecated and will be removed in the future: use mysqli or PDO instead D:\wamp\www\myTp1\ThinkPHP\Library\Think\Db\Driver\Mysql.class.php 第 52 行.
SQL: SHOW COLUMNS FROM `think_laravel` [ RunTime:0.000000s ]
ERR: 1146:Table 'mytp1_db.think_laravel' doesn't exist
 [ SQL语句 ] : SHOW COLUMNS FROM `think_laravel`
NOTIC: [8] Undefined index: name D:\wamp\www\myTp1\Web\Home\Controller\NavController.class.php 第 7 行.
SQL: SELECT COUNT(*) AS tp_count FROM `think_laravel` LIMIT 1   [ RunTime:0.000000s ]
ERR: 1146:Table 'mytp1_db.think_laravel' doesn't exist
 [ SQL语句 ] : SELECT COUNT(*) AS tp_count FROM `think_laravel` LIMIT 1  
SQL: SELECT * FROM `think_laravel`  [ RunTime:0.000000s ]
ERR: 1146:Table 'mytp1_db.think_laravel' doesn't exist
 [ SQL语句 ] : SELECT * FROM `think_laravel` 
SQL: SELECT * FROM `think_laravel` LIMIT 0,3   [ RunTime:0.001000s ]
ERR: 1146:Table 'mytp1_db.think_laravel' doesn't exist
 [ SQL语句 ] : SELECT * FROM `think_laravel` LIMIT 0,3  
INFO: [ view_parse ] --START--
INFO: [ template_filter ] --START--
INFO: Run Behavior\ContentReplaceBehavior [ RunTime:0.000000s ]
INFO: [ template_filter ] --END-- [ RunTime:0.000000s ]
INFO: Run Behavior\ParseTemplateBehavior [ RunTime:0.024001s ]
INFO: [ view_parse ] --END-- [ RunTime:0.024001s ]
INFO: [ view_filter ] --START--
INFO: Run Behavior\WriteHtmlCacheBehavior [ RunTime:0.001000s ]
INFO: [ view_filter ] --END-- [ RunTime:0.001000s ]
INFO: [ app_end ] --START--
INFO: Run Behavior\ShowPageTraceBehavior [ RunTime:0.001000s ]
INFO: [ app_end ] --END-- [ RunTime:0.001000s ]

[ 2017-11-17T13:39:20+08:00 ] ::1 /myTp1/index.php?m=Home&c=Nav&a=nav&name=3
INFO: [ app_init ] --START--
INFO: Run Behavior\BuildLiteBehavior [ RunTime:0.000000s ]
INFO: [ app_init ] --END-- [ RunTime:0.001000s ]
INFO: [ app_begin ] --START--
INFO: Run Behavior\ReadHtmlCacheBehavior [ RunTime:0.001000s ]
INFO: [ app_begin ] --END-- [ RunTime:0.001000s ]
NOTIC: [8192] mysql_connect(): The mysql extension is deprecated and will be removed in the future: use mysqli or PDO instead D:\wamp\www\myTp1\ThinkPHP\Library\Think\Db\Driver\Mysql.class.php 第 52 行.
SQL: SHOW COLUMNS FROM `think_laravel` [ RunTime:0.001000s ]
ERR: 1146:Table 'mytp1_db.think_laravel' doesn't exist
 [ SQL语句 ] : SHOW COLUMNS FROM `think_laravel`
SQL: SELECT COUNT(*) AS tp_count FROM `think_laravel` LIMIT 1   [ RunTime:0.000000s ]
ERR: 1146:Table 'mytp1_db.think_laravel' doesn't exist
 [ SQL语句 ] : SELECT COUNT(*) AS tp_count FROM `think_laravel` LIMIT 1  
SQL: SELECT * FROM `think_laravel`  [ RunTime:0.000000s ]
ERR: 1146:Table 'mytp1_db.think_laravel' doesn't exist
 [ SQL语句 ] : SELECT * FROM `think_laravel` 
SQL: SELECT * FROM `think_laravel` LIMIT 0,1   [ RunTime:0.000000s ]
ERR: 1146:Table 'mytp1_db.think_laravel' doesn't exist
 [ SQL语句 ] : SELECT * FROM `think_laravel` LIMIT 0,1  
INFO: [ view_parse ] --START--
INFO: [ template_filter ] --START--
INFO: Run Behavior\ContentReplaceBehavior [ RunTime:0.000000s ]
INFO: [ template_filter ] --END-- [ RunTime:0.000000s ]
INFO: Run Behavior\ParseTemplateBehavior [ RunTime:0.021001s ]
INFO: [ view_parse ] --END-- [ RunTime:0.021001s ]
INFO: [ view_filter ] --START--
INFO: Run Behavior\WriteHtmlCacheBehavior [ RunTime:0.001000s ]
INFO: [ view_filter ] --END-- [ RunTime:0.001000s ]
INFO: [ app_end ] --START--
INFO: Run Behavior\ShowPageTraceBehavior [ RunTime:0.000000s ]
INFO: [ app_end ] --END-- [ RunTime:0.001000s ]

