[ 2018-06-23T11:09:04+08:00 ] ::1 /myTpWeb/
INFO: [ app_init ] --START--
INFO: Run Behavior\BuildLiteBehavior [ RunTime:0.000122s ]
INFO: [ app_init ] --END-- [ RunTime:0.033268s ]
INFO: [ app_begin ] --START--
INFO: Run Behavior\ReadHtmlCacheBehavior [ RunTime:0.016497s ]
INFO: [ app_begin ] --END-- [ RunTime:0.017065s ]
INFO: [ view_parse ] --START--
INFO: [ template_filter ] --START--
INFO: Run Behavior\ContentReplaceBehavior [ RunTime:0.000372s ]
INFO: [ template_filter ] --END-- [ RunTime:0.000889s ]
NOTIC: [8] Undefined index: user C:\wamp\www\myTpWeb\Web\Runtime\Cache\Home\a5d07c113795da31d2426caff16ba5bc.php 第 16 行.
NOTIC: [8] Undefined index: user C:\wamp\www\myTpWeb\Web\Runtime\Cache\Home\a5d07c113795da31d2426caff16ba5bc.php 第 17 行.
INFO: Run Behavior\ParseTemplateBehavior [ RunTime:0.129043s ]
INFO: [ view_parse ] --END-- [ RunTime:0.129676s ]
INFO: [ view_filter ] --START--
INFO: Run Behavior\WriteHtmlCacheBehavior [ RunTime:0.020268s ]
INFO: [ view_filter ] --END-- [ RunTime:0.020717s ]
INFO: [ app_end ] --START--
INFO: Run Behavior\ShowPageTraceBehavior [ RunTime:0.009092s ]
INFO: [ app_end ] --END-- [ RunTime:0.009545s ]

[ 2018-06-23T11:09:08+08:00 ] ::1 /myTpWeb/index.php?m=Home&c=Login&a=login
INFO: [ app_init ] --START--
INFO: Run Behavior\BuildLiteBehavior [ RunTime:0.000028s ]
INFO: [ app_init ] --END-- [ RunTime:0.000566s ]
INFO: [ app_begin ] --START--
INFO: Run Behavior\ReadHtmlCacheBehavior [ RunTime:0.000757s ]
INFO: [ app_begin ] --END-- [ RunTime:0.000881s ]
SQL: SHOW COLUMNS FROM `user` [ RunTime:0.104044s ]
INFO: [ view_parse ] --START--
INFO: [ template_filter ] --START--
INFO: Run Behavior\ContentReplaceBehavior [ RunTime:0.000326s ]
INFO: [ template_filter ] --END-- [ RunTime:0.000756s ]
INFO: Run Behavior\ParseTemplateBehavior [ RunTime:0.042948s ]
INFO: [ view_parse ] --END-- [ RunTime:0.043562s ]
INFO: [ view_filter ] --START--
INFO: Run Behavior\WriteHtmlCacheBehavior [ RunTime:0.002073s ]
INFO: [ view_filter ] --END-- [ RunTime:0.002968s ]
INFO: [ app_end ] --START--
INFO: Run Behavior\ShowPageTraceBehavior [ RunTime:0.002836s ]
INFO: [ app_end ] --END-- [ RunTime:0.003306s ]

[ 2018-06-23T11:09:11+08:00 ] ::1 /myTpWeb/index.php?m=Home&c=Login&a=login
INFO: [ app_init ] --START--
INFO: Run Behavior\BuildLiteBehavior [ RunTime:0.000027s ]
INFO: [ app_init ] --END-- [ RunTime:0.000579s ]
INFO: [ app_begin ] --START--
INFO: Run Behavior\ReadHtmlCacheBehavior [ RunTime:0.000794s ]
INFO: [ app_begin ] --END-- [ RunTime:0.000897s ]
SQL: SHOW COLUMNS FROM `user` [ RunTime:0.052747s ]
NOTIC: [2] Missing argument 1 for Think\Model::field(), called in C:\wamp\www\myTpWeb\Web\Home\Controller\LoginController.class.php on line 13 and defined C:\wamp\www\myTpWeb\ThinkPHP\Library\Think\Model.class.php 第 1541 行.
NOTIC: [8] Undefined variable: field C:\wamp\www\myTpWeb\ThinkPHP\Library\Think\Model.class.php 第 1542 行.
NOTIC: [8] Undefined variable: field C:\wamp\www\myTpWeb\ThinkPHP\Library\Think\Model.class.php 第 1552 行.
SQL: SELECT * FROM `user`  [ RunTime:0.051185s ]

[ 2018-06-23T11:09:11+08:00 ] ::1 /myTpWeb/index.php?m=Home&c=Index&a=index
INFO: [ app_init ] --START--
INFO: Run Behavior\BuildLiteBehavior [ RunTime:0.000063s ]
INFO: [ app_init ] --END-- [ RunTime:0.002177s ]
INFO: [ app_begin ] --START--
INFO: Run Behavior\ReadHtmlCacheBehavior [ RunTime:0.001193s ]
INFO: [ app_begin ] --END-- [ RunTime:0.001392s ]
INFO: [ view_parse ] --START--
INFO: [ template_filter ] --START--
INFO: Run Behavior\ContentReplaceBehavior [ RunTime:0.000144s ]
INFO: [ template_filter ] --END-- [ RunTime:0.000348s ]
INFO: Run Behavior\ParseTemplateBehavior [ RunTime:0.013471s ]
INFO: [ view_parse ] --END-- [ RunTime:0.013644s ]
INFO: [ view_filter ] --START--
INFO: Run Behavior\WriteHtmlCacheBehavior [ RunTime:0.000645s ]
INFO: [ view_filter ] --END-- [ RunTime:0.000774s ]
INFO: [ app_end ] --START--
INFO: Run Behavior\ShowPageTraceBehavior [ RunTime:0.000840s ]
INFO: [ app_end ] --END-- [ RunTime:0.000954s ]

