[ 2018-01-03T11:24:21+08:00 ] ::1 /myTp1/
INFO: [ app_init ] --START--
INFO: Run Behavior\BuildLiteBehavior [ RunTime:0.000000s ]
INFO: [ app_init ] --END-- [ RunTime:0.002000s ]
INFO: [ app_begin ] --START--
INFO: Run Behavior\ReadHtmlCacheBehavior [ RunTime:0.001000s ]
INFO: [ app_begin ] --END-- [ RunTime:0.001000s ]
NOTIC: [8192] mysql_connect(): The mysql extension is deprecated and will be removed in the future: use mysqli or PDO instead D:\wamp\www\myTp1\ThinkPHP\Library\Think\Db\Driver\Mysql.class.php 第 52 行.
SQL: SHOW COLUMNS FROM `think_lol` [ RunTime:0.003000s ]
ERR: 1146:Table 'mytp1_db.think_lol' doesn't exist
 [ SQL语句 ] : SHOW COLUMNS FROM `think_lol`
SQL: SELECT COUNT(*) AS tp_count FROM `think_lol` LIMIT 1   [ RunTime:0.001000s ]
ERR: 1146:Table 'mytp1_db.think_lol' doesn't exist
 [ SQL语句 ] : SELECT COUNT(*) AS tp_count FROM `think_lol` LIMIT 1  
SQL: SELECT * FROM `think_lol` LIMIT -10,10   [ RunTime:0.000000s ]
ERR: 1064:You have an error in your SQL syntax; check the manual that corresponds to your MySQL server version for the right syntax to use near '-10,10' at line 1
 [ SQL语句 ] : SELECT * FROM `think_lol` LIMIT -10,10  
INFO: [ view_parse ] --START--
INFO: [ template_filter ] --START--
INFO: Run Behavior\ContentReplaceBehavior [ RunTime:0.000000s ]
INFO: [ template_filter ] --END-- [ RunTime:0.000000s ]
NOTIC: [8] Undefined variable: list2 D:\wamp\www\myTp1\Web\Runtime\Cache\Home\a5d07c113795da31d2426caff16ba5bc.php 第 70 行.
INFO: Run Behavior\ParseTemplateBehavior [ RunTime:0.017001s ]
INFO: [ view_parse ] --END-- [ RunTime:0.017001s ]
INFO: [ view_filter ] --START--
INFO: Run Behavior\WriteHtmlCacheBehavior [ RunTime:0.001000s ]
INFO: [ view_filter ] --END-- [ RunTime:0.001000s ]
INFO: [ app_end ] --START--
INFO: Run Behavior\ShowPageTraceBehavior [ RunTime:0.001000s ]
INFO: [ app_end ] --END-- [ RunTime:0.001000s ]

[ 2018-01-03T11:24:27+08:00 ] ::1 /myTp1/?page=0
INFO: [ app_init ] --START--
INFO: Run Behavior\BuildLiteBehavior [ RunTime:0.000000s ]
INFO: [ app_init ] --END-- [ RunTime:0.001000s ]
INFO: [ app_begin ] --START--
INFO: Run Behavior\ReadHtmlCacheBehavior [ RunTime:0.001000s ]
INFO: [ app_begin ] --END-- [ RunTime:0.001000s ]
NOTIC: [8192] mysql_connect(): The mysql extension is deprecated and will be removed in the future: use mysqli or PDO instead D:\wamp\www\myTp1\ThinkPHP\Library\Think\Db\Driver\Mysql.class.php 第 52 行.
SQL: SHOW COLUMNS FROM `think_lol` [ RunTime:0.002000s ]
ERR: 1146:Table 'mytp1_db.think_lol' doesn't exist
 [ SQL语句 ] : SHOW COLUMNS FROM `think_lol`
SQL: SELECT COUNT(*) AS tp_count FROM `think_lol` LIMIT 1   [ RunTime:0.002000s ]
ERR: 1146:Table 'mytp1_db.think_lol' doesn't exist
 [ SQL语句 ] : SELECT COUNT(*) AS tp_count FROM `think_lol` LIMIT 1  
SQL: SELECT * FROM `think_lol` LIMIT -10,10   [ RunTime:0.000000s ]
ERR: 1064:You have an error in your SQL syntax; check the manual that corresponds to your MySQL server version for the right syntax to use near '-10,10' at line 1
 [ SQL语句 ] : SELECT * FROM `think_lol` LIMIT -10,10  
INFO: [ view_parse ] --START--
INFO: [ template_filter ] --START--
INFO: Run Behavior\ContentReplaceBehavior [ RunTime:0.000000s ]
INFO: [ template_filter ] --END-- [ RunTime:0.000000s ]
NOTIC: [8] Undefined variable: list2 D:\wamp\www\myTp1\Web\Runtime\Cache\Home\a5d07c113795da31d2426caff16ba5bc.php 第 70 行.
INFO: Run Behavior\ParseTemplateBehavior [ RunTime:0.014001s ]
INFO: [ view_parse ] --END-- [ RunTime:0.015001s ]
INFO: [ view_filter ] --START--
INFO: Run Behavior\WriteHtmlCacheBehavior [ RunTime:0.001000s ]
INFO: [ view_filter ] --END-- [ RunTime:0.001000s ]
INFO: [ app_end ] --START--
INFO: Run Behavior\ShowPageTraceBehavior [ RunTime:0.001000s ]
INFO: [ app_end ] --END-- [ RunTime:0.001000s ]

[ 2018-01-03T11:25:00+08:00 ] ::1 /myTp1/index.php?m=Home&c=Index&a=select
INFO: [ app_init ] --START--
INFO: Run Behavior\BuildLiteBehavior [ RunTime:0.000000s ]
INFO: [ app_init ] --END-- [ RunTime:0.001000s ]
INFO: [ app_begin ] --START--
INFO: Run Behavior\ReadHtmlCacheBehavior [ RunTime:0.001000s ]
INFO: [ app_begin ] --END-- [ RunTime:0.002000s ]
NOTIC: [8192] mysql_connect(): The mysql extension is deprecated and will be removed in the future: use mysqli or PDO instead D:\wamp\www\myTp1\ThinkPHP\Library\Think\Db\Driver\Mysql.class.php 第 52 行.
SQL: SHOW COLUMNS FROM `think_lol` [ RunTime:0.002000s ]
ERR: 1146:Table 'mytp1_db.think_lol' doesn't exist
 [ SQL语句 ] : SHOW COLUMNS FROM `think_lol`
SQL: SELECT COUNT(*) AS tp_count FROM `think_lol` LIMIT 1   [ RunTime:0.002000s ]
ERR: 1146:Table 'mytp1_db.think_lol' doesn't exist
 [ SQL语句 ] : SELECT COUNT(*) AS tp_count FROM `think_lol` LIMIT 1  
SQL: SELECT * FROM `think_lol` LIMIT -10,10   [ RunTime:0.000000s ]
ERR: 1064:You have an error in your SQL syntax; check the manual that corresponds to your MySQL server version for the right syntax to use near '-10,10' at line 1
 [ SQL语句 ] : SELECT * FROM `think_lol` LIMIT -10,10  
NOTIC: [8] Undefined variable: list2 D:\wamp\www\myTp1\Web\Home\Controller\IndexController.class.php 第 35 行.
INFO: [ view_parse ] --START--
INFO: [ template_filter ] --START--
INFO: Run Behavior\ContentReplaceBehavior [ RunTime:0.001000s ]
INFO: [ template_filter ] --END-- [ RunTime:0.001000s ]
INFO: Run Behavior\ParseTemplateBehavior [ RunTime:0.014001s ]
INFO: [ view_parse ] --END-- [ RunTime:0.014001s ]
INFO: [ view_filter ] --START--
INFO: Run Behavior\WriteHtmlCacheBehavior [ RunTime:0.000000s ]
INFO: [ view_filter ] --END-- [ RunTime:0.000000s ]
INFO: [ app_end ] --START--
INFO: Run Behavior\ShowPageTraceBehavior [ RunTime:0.001000s ]
INFO: [ app_end ] --END-- [ RunTime:0.001000s ]

[ 2018-01-03T11:25:58+08:00 ] ::1 /myTp1/index.php?m=Home&c=Index&a=index
INFO: [ app_init ] --START--
INFO: Run Behavior\BuildLiteBehavior [ RunTime:0.000000s ]
INFO: [ app_init ] --END-- [ RunTime:0.001000s ]
INFO: [ app_begin ] --START--
INFO: Run Behavior\ReadHtmlCacheBehavior [ RunTime:0.000000s ]
INFO: [ app_begin ] --END-- [ RunTime:0.000000s ]
NOTIC: [8192] mysql_connect(): The mysql extension is deprecated and will be removed in the future: use mysqli or PDO instead D:\wamp\www\myTp1\ThinkPHP\Library\Think\Db\Driver\Mysql.class.php 第 52 行.
SQL: SHOW COLUMNS FROM `think_lol` [ RunTime:0.004000s ]
ERR: 1146:Table 'mytp1_db.think_lol' doesn't exist
 [ SQL语句 ] : SHOW COLUMNS FROM `think_lol`
SQL: SELECT COUNT(*) AS tp_count FROM `think_lol` LIMIT 1   [ RunTime:0.003000s ]
ERR: 1146:Table 'mytp1_db.think_lol' doesn't exist
 [ SQL语句 ] : SELECT COUNT(*) AS tp_count FROM `think_lol` LIMIT 1  
SQL: SELECT * FROM `think_lol` LIMIT -10,10   [ RunTime:0.001000s ]
ERR: 1064:You have an error in your SQL syntax; check the manual that corresponds to your MySQL server version for the right syntax to use near '-10,10' at line 1
 [ SQL语句 ] : SELECT * FROM `think_lol` LIMIT -10,10  
INFO: [ view_parse ] --START--
INFO: [ template_filter ] --START--
INFO: Run Behavior\ContentReplaceBehavior [ RunTime:0.000000s ]
INFO: [ template_filter ] --END-- [ RunTime:0.001000s ]
NOTIC: [8] Undefined variable: list2 D:\wamp\www\myTp1\Web\Runtime\Cache\Home\a5d07c113795da31d2426caff16ba5bc.php 第 70 行.
INFO: Run Behavior\ParseTemplateBehavior [ RunTime:0.020001s ]
INFO: [ view_parse ] --END-- [ RunTime:0.020001s ]
INFO: [ view_filter ] --START--
INFO: Run Behavior\WriteHtmlCacheBehavior [ RunTime:0.001000s ]
INFO: [ view_filter ] --END-- [ RunTime:0.001000s ]
INFO: [ app_end ] --START--
INFO: Run Behavior\ShowPageTraceBehavior [ RunTime:0.001000s ]
INFO: [ app_end ] --END-- [ RunTime:0.001000s ]

[ 2018-01-03T11:25:59+08:00 ] ::1 /myTp1/index.php?m=Home&c=Index&a=index
INFO: [ app_init ] --START--
INFO: Run Behavior\BuildLiteBehavior [ RunTime:0.000000s ]
INFO: [ app_init ] --END-- [ RunTime:0.001000s ]
INFO: [ app_begin ] --START--
INFO: Run Behavior\ReadHtmlCacheBehavior [ RunTime:0.000000s ]
INFO: [ app_begin ] --END-- [ RunTime:0.001000s ]
NOTIC: [8192] mysql_connect(): The mysql extension is deprecated and will be removed in the future: use mysqli or PDO instead D:\wamp\www\myTp1\ThinkPHP\Library\Think\Db\Driver\Mysql.class.php 第 52 行.
SQL: SHOW COLUMNS FROM `think_lol` [ RunTime:0.002000s ]
ERR: 1146:Table 'mytp1_db.think_lol' doesn't exist
 [ SQL语句 ] : SHOW COLUMNS FROM `think_lol`
SQL: SELECT COUNT(*) AS tp_count FROM `think_lol` LIMIT 1   [ RunTime:0.002001s ]
ERR: 1146:Table 'mytp1_db.think_lol' doesn't exist
 [ SQL语句 ] : SELECT COUNT(*) AS tp_count FROM `think_lol` LIMIT 1  
SQL: SELECT * FROM `think_lol` LIMIT -10,10   [ RunTime:0.000000s ]
ERR: 1064:You have an error in your SQL syntax; check the manual that corresponds to your MySQL server version for the right syntax to use near '-10,10' at line 1
 [ SQL语句 ] : SELECT * FROM `think_lol` LIMIT -10,10  
INFO: [ view_parse ] --START--
INFO: [ template_filter ] --START--
INFO: Run Behavior\ContentReplaceBehavior [ RunTime:0.001000s ]
INFO: [ template_filter ] --END-- [ RunTime:0.001000s ]
NOTIC: [8] Undefined variable: list2 D:\wamp\www\myTp1\Web\Runtime\Cache\Home\a5d07c113795da31d2426caff16ba5bc.php 第 70 行.
INFO: Run Behavior\ParseTemplateBehavior [ RunTime:0.020001s ]
INFO: [ view_parse ] --END-- [ RunTime:0.020001s ]
INFO: [ view_filter ] --START--
INFO: Run Behavior\WriteHtmlCacheBehavior [ RunTime:0.003000s ]
INFO: [ view_filter ] --END-- [ RunTime:0.003000s ]
INFO: [ app_end ] --START--
INFO: Run Behavior\ShowPageTraceBehavior [ RunTime:0.002000s ]
INFO: [ app_end ] --END-- [ RunTime:0.003000s ]

[ 2018-01-03T11:26:01+08:00 ] ::1 /myTp1/index.php?m=Home&c=Nav&a=nav
INFO: [ app_init ] --START--
INFO: Run Behavior\BuildLiteBehavior [ RunTime:0.000000s ]
INFO: [ app_init ] --END-- [ RunTime:0.001000s ]
INFO: [ app_begin ] --START--
INFO: Run Behavior\ReadHtmlCacheBehavior [ RunTime:0.001000s ]
INFO: [ app_begin ] --END-- [ RunTime:0.001000s ]
NOTIC: [8192] mysql_connect(): The mysql extension is deprecated and will be removed in the future: use mysqli or PDO instead D:\wamp\www\myTp1\ThinkPHP\Library\Think\Db\Driver\Mysql.class.php 第 52 行.
SQL: SHOW COLUMNS FROM `think_laravel` [ RunTime:0.003000s ]
ERR: 1146:Table 'mytp1_db.think_laravel' doesn't exist
 [ SQL语句 ] : SHOW COLUMNS FROM `think_laravel`
NOTIC: [8] Undefined index: name D:\wamp\www\myTp1\Web\Home\Controller\NavController.class.php 第 7 行.
SQL: SELECT COUNT(*) AS tp_count FROM `think_laravel` LIMIT 1   [ RunTime:0.002000s ]
ERR: 1146:Table 'mytp1_db.think_laravel' doesn't exist
 [ SQL语句 ] : SELECT COUNT(*) AS tp_count FROM `think_laravel` LIMIT 1  
SQL: SELECT * FROM `think_laravel`  [ RunTime:0.002000s ]
ERR: 1146:Table 'mytp1_db.think_laravel' doesn't exist
 [ SQL语句 ] : SELECT * FROM `think_laravel` 
SQL: SELECT * FROM `think_laravel` LIMIT 0,3   [ RunTime:0.002000s ]
ERR: 1146:Table 'mytp1_db.think_laravel' doesn't exist
 [ SQL语句 ] : SELECT * FROM `think_laravel` LIMIT 0,3  
INFO: [ view_parse ] --START--
INFO: [ template_filter ] --START--
INFO: Run Behavior\ContentReplaceBehavior [ RunTime:0.000000s ]
INFO: [ template_filter ] --END-- [ RunTime:0.001000s ]
INFO: Run Behavior\ParseTemplateBehavior [ RunTime:0.023002s ]
INFO: [ view_parse ] --END-- [ RunTime:0.023002s ]
INFO: [ view_filter ] --START--
INFO: Run Behavior\WriteHtmlCacheBehavior [ RunTime:0.001000s ]
INFO: [ view_filter ] --END-- [ RunTime:0.001000s ]
INFO: [ app_end ] --START--
INFO: Run Behavior\ShowPageTraceBehavior [ RunTime:0.001000s ]
INFO: [ app_end ] --END-- [ RunTime:0.001000s ]

[ 2018-01-03T11:26:08+08:00 ] ::1 /myTp1/index.php?m=Home&c=Nav&a=nav&name=3
INFO: [ app_init ] --START--
INFO: Run Behavior\BuildLiteBehavior [ RunTime:0.000000s ]
INFO: [ app_init ] --END-- [ RunTime:0.001000s ]
INFO: [ app_begin ] --START--
INFO: Run Behavior\ReadHtmlCacheBehavior [ RunTime:0.001000s ]
INFO: [ app_begin ] --END-- [ RunTime:0.002000s ]
NOTIC: [8192] mysql_connect(): The mysql extension is deprecated and will be removed in the future: use mysqli or PDO instead D:\wamp\www\myTp1\ThinkPHP\Library\Think\Db\Driver\Mysql.class.php 第 52 行.
SQL: SHOW COLUMNS FROM `think_laravel` [ RunTime:0.002001s ]
ERR: 1146:Table 'mytp1_db.think_laravel' doesn't exist
 [ SQL语句 ] : SHOW COLUMNS FROM `think_laravel`
SQL: SELECT COUNT(*) AS tp_count FROM `think_laravel` LIMIT 1   [ RunTime:0.002000s ]
ERR: 1146:Table 'mytp1_db.think_laravel' doesn't exist
 [ SQL语句 ] : SELECT COUNT(*) AS tp_count FROM `think_laravel` LIMIT 1  
SQL: SELECT * FROM `think_laravel`  [ RunTime:0.001000s ]
ERR: 1146:Table 'mytp1_db.think_laravel' doesn't exist
 [ SQL语句 ] : SELECT * FROM `think_laravel` 
SQL: SELECT * FROM `think_laravel` LIMIT 0,1   [ RunTime:0.002000s ]
ERR: 1146:Table 'mytp1_db.think_laravel' doesn't exist
 [ SQL语句 ] : SELECT * FROM `think_laravel` LIMIT 0,1  
INFO: [ view_parse ] --START--
INFO: [ template_filter ] --START--
INFO: Run Behavior\ContentReplaceBehavior [ RunTime:0.000000s ]
INFO: [ template_filter ] --END-- [ RunTime:0.000000s ]
INFO: Run Behavior\ParseTemplateBehavior [ RunTime:0.022001s ]
INFO: [ view_parse ] --END-- [ RunTime:0.022001s ]
INFO: [ view_filter ] --START--
INFO: Run Behavior\WriteHtmlCacheBehavior [ RunTime:0.001000s ]
INFO: [ view_filter ] --END-- [ RunTime:0.001000s ]
INFO: [ app_end ] --START--
INFO: Run Behavior\ShowPageTraceBehavior [ RunTime:0.001000s ]
INFO: [ app_end ] --END-- [ RunTime:0.001000s ]

[ 2018-01-03T11:26:11+08:00 ] ::1 /myTp1/index.php?m=Home&c=Nav&a=nav&name=1
INFO: [ app_init ] --START--
INFO: Run Behavior\BuildLiteBehavior [ RunTime:0.000000s ]
INFO: [ app_init ] --END-- [ RunTime:0.001000s ]
INFO: [ app_begin ] --START--
INFO: Run Behavior\ReadHtmlCacheBehavior [ RunTime:0.001000s ]
INFO: [ app_begin ] --END-- [ RunTime:0.001000s ]
NOTIC: [8192] mysql_connect(): The mysql extension is deprecated and will be removed in the future: use mysqli or PDO instead D:\wamp\www\myTp1\ThinkPHP\Library\Think\Db\Driver\Mysql.class.php 第 52 行.
SQL: SHOW COLUMNS FROM `think_laravel` [ RunTime:0.002000s ]
ERR: 1146:Table 'mytp1_db.think_laravel' doesn't exist
 [ SQL语句 ] : SHOW COLUMNS FROM `think_laravel`
SQL: SELECT COUNT(*) AS tp_count FROM `think_laravel` LIMIT 1   [ RunTime:0.001000s ]
ERR: 1146:Table 'mytp1_db.think_laravel' doesn't exist
 [ SQL语句 ] : SELECT COUNT(*) AS tp_count FROM `think_laravel` LIMIT 1  
SQL: SELECT * FROM `think_laravel`  [ RunTime:0.001000s ]
ERR: 1146:Table 'mytp1_db.think_laravel' doesn't exist
 [ SQL语句 ] : SELECT * FROM `think_laravel` 
SQL: SELECT * FROM `think_laravel` LIMIT 0,1   [ RunTime:0.001000s ]
ERR: 1146:Table 'mytp1_db.think_laravel' doesn't exist
 [ SQL语句 ] : SELECT * FROM `think_laravel` LIMIT 0,1  
INFO: [ view_parse ] --START--
INFO: [ template_filter ] --START--
INFO: Run Behavior\ContentReplaceBehavior [ RunTime:0.000000s ]
INFO: [ template_filter ] --END-- [ RunTime:0.000000s ]
INFO: Run Behavior\ParseTemplateBehavior [ RunTime:0.021001s ]
INFO: [ view_parse ] --END-- [ RunTime:0.022001s ]
INFO: [ view_filter ] --START--
INFO: Run Behavior\WriteHtmlCacheBehavior [ RunTime:0.001000s ]
INFO: [ view_filter ] --END-- [ RunTime:0.001000s ]
INFO: [ app_end ] --START--
INFO: Run Behavior\ShowPageTraceBehavior [ RunTime:0.001001s ]
INFO: [ app_end ] --END-- [ RunTime:0.001001s ]

[ 2018-01-03T11:26:13+08:00 ] ::1 /myTp1/index.php?m=Home&c=Nav&a=nav&name=1
INFO: [ app_init ] --START--
INFO: Run Behavior\BuildLiteBehavior [ RunTime:0.000000s ]
INFO: [ app_init ] --END-- [ RunTime:0.000000s ]
INFO: [ app_begin ] --START--
INFO: Run Behavior\ReadHtmlCacheBehavior [ RunTime:0.001000s ]
INFO: [ app_begin ] --END-- [ RunTime:0.001000s ]
NOTIC: [8192] mysql_connect(): The mysql extension is deprecated and will be removed in the future: use mysqli or PDO instead D:\wamp\www\myTp1\ThinkPHP\Library\Think\Db\Driver\Mysql.class.php 第 52 行.
SQL: SHOW COLUMNS FROM `think_laravel` [ RunTime:0.003000s ]
ERR: 1146:Table 'mytp1_db.think_laravel' doesn't exist
 [ SQL语句 ] : SHOW COLUMNS FROM `think_laravel`
SQL: SELECT COUNT(*) AS tp_count FROM `think_laravel` LIMIT 1   [ RunTime:0.002000s ]
ERR: 1146:Table 'mytp1_db.think_laravel' doesn't exist
 [ SQL语句 ] : SELECT COUNT(*) AS tp_count FROM `think_laravel` LIMIT 1  
SQL: SELECT * FROM `think_laravel`  [ RunTime:0.002000s ]
ERR: 1146:Table 'mytp1_db.think_laravel' doesn't exist
 [ SQL语句 ] : SELECT * FROM `think_laravel` 
SQL: SELECT * FROM `think_laravel` LIMIT 0,1   [ RunTime:0.002000s ]
ERR: 1146:Table 'mytp1_db.think_laravel' doesn't exist
 [ SQL语句 ] : SELECT * FROM `think_laravel` LIMIT 0,1  
INFO: [ view_parse ] --START--
INFO: [ template_filter ] --START--
INFO: Run Behavior\ContentReplaceBehavior [ RunTime:0.000000s ]
INFO: [ template_filter ] --END-- [ RunTime:0.000000s ]
INFO: Run Behavior\ParseTemplateBehavior [ RunTime:0.019001s ]
INFO: [ view_parse ] --END-- [ RunTime:0.019001s ]
INFO: [ view_filter ] --START--
INFO: Run Behavior\WriteHtmlCacheBehavior [ RunTime:0.000000s ]
INFO: [ view_filter ] --END-- [ RunTime:0.001000s ]
INFO: [ app_end ] --START--
INFO: Run Behavior\ShowPageTraceBehavior [ RunTime:0.001001s ]
INFO: [ app_end ] --END-- [ RunTime:0.001001s ]

[ 2018-01-03T11:26:15+08:00 ] ::1 /myTp1/index.php?m=Home&c=Nav&a=nav&name=1
INFO: [ app_init ] --START--
INFO: Run Behavior\BuildLiteBehavior [ RunTime:0.000000s ]
INFO: [ app_init ] --END-- [ RunTime:0.000000s ]
INFO: [ app_begin ] --START--
INFO: Run Behavior\ReadHtmlCacheBehavior [ RunTime:0.001000s ]
INFO: [ app_begin ] --END-- [ RunTime:0.001000s ]
NOTIC: [8192] mysql_connect(): The mysql extension is deprecated and will be removed in the future: use mysqli or PDO instead D:\wamp\www\myTp1\ThinkPHP\Library\Think\Db\Driver\Mysql.class.php 第 52 行.
SQL: SHOW COLUMNS FROM `think_laravel` [ RunTime:0.003001s ]
ERR: 1146:Table 'mytp1_db.think_laravel' doesn't exist
 [ SQL语句 ] : SHOW COLUMNS FROM `think_laravel`
SQL: SELECT COUNT(*) AS tp_count FROM `think_laravel` LIMIT 1   [ RunTime:0.002000s ]
ERR: 1146:Table 'mytp1_db.think_laravel' doesn't exist
 [ SQL语句 ] : SELECT COUNT(*) AS tp_count FROM `think_laravel` LIMIT 1  
SQL: SELECT * FROM `think_laravel`  [ RunTime:0.001000s ]
ERR: 1146:Table 'mytp1_db.think_laravel' doesn't exist
 [ SQL语句 ] : SELECT * FROM `think_laravel` 
SQL: SELECT * FROM `think_laravel` LIMIT 0,1   [ RunTime:0.003000s ]
ERR: 1146:Table 'mytp1_db.think_laravel' doesn't exist
 [ SQL语句 ] : SELECT * FROM `think_laravel` LIMIT 0,1  
INFO: [ view_parse ] --START--
INFO: [ template_filter ] --START--
INFO: Run Behavior\ContentReplaceBehavior [ RunTime:0.000000s ]
INFO: [ template_filter ] --END-- [ RunTime:0.000000s ]
INFO: Run Behavior\ParseTemplateBehavior [ RunTime:0.019001s ]
INFO: [ view_parse ] --END-- [ RunTime:0.020001s ]
INFO: [ view_filter ] --START--
INFO: Run Behavior\WriteHtmlCacheBehavior [ RunTime:0.000000s ]
INFO: [ view_filter ] --END-- [ RunTime:0.001000s ]
INFO: [ app_end ] --START--
INFO: Run Behavior\ShowPageTraceBehavior [ RunTime:0.001000s ]
INFO: [ app_end ] --END-- [ RunTime:0.001000s ]

[ 2018-01-03T11:26:18+08:00 ] ::1 /myTp1/index.php?m=Home&c=Nav&a=nav&name=1
INFO: [ app_init ] --START--
INFO: Run Behavior\BuildLiteBehavior [ RunTime:0.000000s ]
INFO: [ app_init ] --END-- [ RunTime:0.000000s ]
INFO: [ app_begin ] --START--
INFO: Run Behavior\ReadHtmlCacheBehavior [ RunTime:0.000000s ]
INFO: [ app_begin ] --END-- [ RunTime:0.000000s ]
NOTIC: [8192] mysql_connect(): The mysql extension is deprecated and will be removed in the future: use mysqli or PDO instead D:\wamp\www\myTp1\ThinkPHP\Library\Think\Db\Driver\Mysql.class.php 第 52 行.
SQL: SHOW COLUMNS FROM `think_laravel` [ RunTime:0.002000s ]
ERR: 1146:Table 'mytp1_db.think_laravel' doesn't exist
 [ SQL语句 ] : SHOW COLUMNS FROM `think_laravel`
SQL: SELECT COUNT(*) AS tp_count FROM `think_laravel` LIMIT 1   [ RunTime:0.001000s ]
ERR: 1146:Table 'mytp1_db.think_laravel' doesn't exist
 [ SQL语句 ] : SELECT COUNT(*) AS tp_count FROM `think_laravel` LIMIT 1  
SQL: SELECT * FROM `think_laravel`  [ RunTime:0.002000s ]
ERR: 1146:Table 'mytp1_db.think_laravel' doesn't exist
 [ SQL语句 ] : SELECT * FROM `think_laravel` 
SQL: SELECT * FROM `think_laravel` LIMIT 0,1   [ RunTime:0.002000s ]
ERR: 1146:Table 'mytp1_db.think_laravel' doesn't exist
 [ SQL语句 ] : SELECT * FROM `think_laravel` LIMIT 0,1  
INFO: [ view_parse ] --START--
INFO: [ template_filter ] --START--
INFO: Run Behavior\ContentReplaceBehavior [ RunTime:0.000000s ]
INFO: [ template_filter ] --END-- [ RunTime:0.000000s ]
INFO: Run Behavior\ParseTemplateBehavior [ RunTime:0.018001s ]
INFO: [ view_parse ] --END-- [ RunTime:0.018001s ]
INFO: [ view_filter ] --START--
INFO: Run Behavior\WriteHtmlCacheBehavior [ RunTime:0.001000s ]
INFO: [ view_filter ] --END-- [ RunTime:0.001000s ]
INFO: [ app_end ] --START--
INFO: Run Behavior\ShowPageTraceBehavior [ RunTime:0.001000s ]
INFO: [ app_end ] --END-- [ RunTime:0.001000s ]

[ 2018-01-03T11:26:24+08:00 ] ::1 /myTp1/index.php?m=Home&c=Nav&a=nav&name=1
INFO: [ app_init ] --START--
INFO: Run Behavior\BuildLiteBehavior [ RunTime:0.000000s ]
INFO: [ app_init ] --END-- [ RunTime:0.001000s ]
INFO: [ app_begin ] --START--
INFO: Run Behavior\ReadHtmlCacheBehavior [ RunTime:0.001000s ]
INFO: [ app_begin ] --END-- [ RunTime:0.001000s ]
NOTIC: [8192] mysql_connect(): The mysql extension is deprecated and will be removed in the future: use mysqli or PDO instead D:\wamp\www\myTp1\ThinkPHP\Library\Think\Db\Driver\Mysql.class.php 第 52 行.
SQL: SHOW COLUMNS FROM `think_laravel` [ RunTime:0.002000s ]
ERR: 1146:Table 'mytp1_db.think_laravel' doesn't exist
 [ SQL语句 ] : SHOW COLUMNS FROM `think_laravel`
SQL: SELECT COUNT(*) AS tp_count FROM `think_laravel` LIMIT 1   [ RunTime:0.001000s ]
ERR: 1146:Table 'mytp1_db.think_laravel' doesn't exist
 [ SQL语句 ] : SELECT COUNT(*) AS tp_count FROM `think_laravel` LIMIT 1  
SQL: SELECT * FROM `think_laravel`  [ RunTime:0.001001s ]
ERR: 1146:Table 'mytp1_db.think_laravel' doesn't exist
 [ SQL语句 ] : SELECT * FROM `think_laravel` 
SQL: SELECT * FROM `think_laravel` LIMIT 0,1   [ RunTime:0.001000s ]
ERR: 1146:Table 'mytp1_db.think_laravel' doesn't exist
 [ SQL语句 ] : SELECT * FROM `think_laravel` LIMIT 0,1  
INFO: [ view_parse ] --START--
INFO: [ template_filter ] --START--
INFO: Run Behavior\ContentReplaceBehavior [ RunTime:0.000000s ]
INFO: [ template_filter ] --END-- [ RunTime:0.000000s ]
INFO: Run Behavior\ParseTemplateBehavior [ RunTime:0.020001s ]
INFO: [ view_parse ] --END-- [ RunTime:0.021001s ]
INFO: [ view_filter ] --START--
INFO: Run Behavior\WriteHtmlCacheBehavior [ RunTime:0.000000s ]
INFO: [ view_filter ] --END-- [ RunTime:0.000000s ]
INFO: [ app_end ] --START--
INFO: Run Behavior\ShowPageTraceBehavior [ RunTime:0.000000s ]
INFO: [ app_end ] --END-- [ RunTime:0.001000s ]

